{"/Users/bennett/Documents/Apprenticeship/Virtual-Table/src/scripts/creature-stats.js": {"path":"/Users/bennett/Documents/Apprenticeship/Virtual-Table/src/scripts/creature-stats.js","statementMap":{"0":{"start":{"line":1,"column":24},"end":{"line":1,"column":26}},"1":{"start":{"line":6,"column":4},"end":{"line":12,"column":5}},"2":{"start":{"line":7,"column":8},"end":{"line":11,"column":9}},"3":{"start":{"line":8,"column":12},"end":{"line":8,"column":144}},"4":{"start":{"line":8,"column":76},"end":{"line":8,"column":144}},"5":{"start":{"line":9,"column":12},"end":{"line":9,"column":74}},"6":{"start":{"line":10,"column":12},"end":{"line":10,"column":19}},"7":{"start":{"line":13,"column":4},"end":{"line":13,"column":34}},"8":{"start":{"line":15,"column":19},"end":{"line":15,"column":58}},"9":{"start":{"line":17,"column":4},"end":{"line":17,"column":40}},"10":{"start":{"line":21,"column":19},"end":{"line":21,"column":92}},"11":{"start":{"line":22,"column":4},"end":{"line":22,"column":50}},"12":{"start":{"line":23,"column":4},"end":{"line":23,"column":69}},"13":{"start":{"line":25,"column":4},"end":{"line":59,"column":7}},"14":{"start":{"line":62,"column":4},"end":{"line":62,"column":35}},"15":{"start":{"line":63,"column":4},"end":{"line":63,"column":36}},"16":{"start":{"line":64,"column":4},"end":{"line":64,"column":41}},"17":{"start":{"line":65,"column":4},"end":{"line":65,"column":36}},"18":{"start":{"line":66,"column":4},"end":{"line":66,"column":36}},"19":{"start":{"line":67,"column":4},"end":{"line":67,"column":44}},"20":{"start":{"line":68,"column":4},"end":{"line":68,"column":37}},"21":{"start":{"line":69,"column":4},"end":{"line":69,"column":40}},"22":{"start":{"line":72,"column":4},"end":{"line":72,"column":68}},"23":{"start":{"line":79,"column":17},"end":{"line":79,"column":19}},"24":{"start":{"line":80,"column":4},"end":{"line":84,"column":7}},"25":{"start":{"line":81,"column":8},"end":{"line":83,"column":9}},"26":{"start":{"line":82,"column":12},"end":{"line":82,"column":31}},"27":{"start":{"line":86,"column":17},"end":{"line":86,"column":109}},"28":{"start":{"line":87,"column":4},"end":{"line":87,"column":77}},"29":{"start":{"line":88,"column":4},"end":{"line":92,"column":7}},"30":{"start":{"line":89,"column":8},"end":{"line":91,"column":11}},"31":{"start":{"line":96,"column":21},"end":{"line":96,"column":64}},"32":{"start":{"line":97,"column":22},"end":{"line":104,"column":5}},"33":{"start":{"line":106,"column":4},"end":{"line":117,"column":5}},"34":{"start":{"line":106,"column":17},"end":{"line":106,"column":18}},"35":{"start":{"line":107,"column":23},"end":{"line":107,"column":60}},"36":{"start":{"line":108,"column":8},"end":{"line":116,"column":11}},"37":{"start":{"line":121,"column":17},"end":{"line":121,"column":117}},"38":{"start":{"line":122,"column":4},"end":{"line":122,"column":84}},"39":{"start":{"line":123,"column":17},"end":{"line":123,"column":19}},"40":{"start":{"line":124,"column":17},"end":{"line":124,"column":19}},"41":{"start":{"line":126,"column":4},"end":{"line":133,"column":7}},"42":{"start":{"line":127,"column":29},"end":{"line":127,"column":98}},"43":{"start":{"line":128,"column":8},"end":{"line":132,"column":9}},"44":{"start":{"line":129,"column":12},"end":{"line":129,"column":64}},"45":{"start":{"line":131,"column":12},"end":{"line":131,"column":72}},"46":{"start":{"line":134,"column":4},"end":{"line":134,"column":39}},"47":{"start":{"line":135,"column":4},"end":{"line":135,"column":49}},"48":{"start":{"line":137,"column":4},"end":{"line":137,"column":37}},"49":{"start":{"line":137,"column":23},"end":{"line":137,"column":37}},"50":{"start":{"line":139,"column":4},"end":{"line":139,"column":16}},"51":{"start":{"line":140,"column":23},"end":{"line":140,"column":116}},"52":{"start":{"line":141,"column":4},"end":{"line":141,"column":83}},"53":{"start":{"line":142,"column":4},"end":{"line":144,"column":7}},"54":{"start":{"line":143,"column":8},"end":{"line":143,"column":52}},"55":{"start":{"line":145,"column":4},"end":{"line":145,"column":39}},"56":{"start":{"line":146,"column":4},"end":{"line":146,"column":55}},"57":{"start":{"line":148,"column":4},"end":{"line":148,"column":43}},"58":{"start":{"line":148,"column":23},"end":{"line":148,"column":43}},"59":{"start":{"line":153,"column":4},"end":{"line":163,"column":5}},"60":{"start":{"line":154,"column":21},"end":{"line":154,"column":115}},"61":{"start":{"line":155,"column":8},"end":{"line":155,"column":90}},"62":{"start":{"line":156,"column":21},"end":{"line":156,"column":23}},"63":{"start":{"line":158,"column":8},"end":{"line":160,"column":11}},"64":{"start":{"line":159,"column":12},"end":{"line":159,"column":34}},"65":{"start":{"line":161,"column":8},"end":{"line":161,"column":43}},"66":{"start":{"line":162,"column":8},"end":{"line":162,"column":53}},"67":{"start":{"line":166,"column":4},"end":{"line":176,"column":5}},"68":{"start":{"line":167,"column":21},"end":{"line":167,"column":115}},"69":{"start":{"line":168,"column":8},"end":{"line":168,"column":86}},"70":{"start":{"line":169,"column":21},"end":{"line":169,"column":23}},"71":{"start":{"line":171,"column":8},"end":{"line":173,"column":11}},"72":{"start":{"line":172,"column":12},"end":{"line":172,"column":34}},"73":{"start":{"line":174,"column":8},"end":{"line":174,"column":43}},"74":{"start":{"line":175,"column":8},"end":{"line":175,"column":53}},"75":{"start":{"line":179,"column":4},"end":{"line":189,"column":5}},"76":{"start":{"line":180,"column":21},"end":{"line":180,"column":115}},"77":{"start":{"line":181,"column":8},"end":{"line":181,"column":92}},"78":{"start":{"line":182,"column":21},"end":{"line":182,"column":23}},"79":{"start":{"line":184,"column":8},"end":{"line":186,"column":11}},"80":{"start":{"line":185,"column":12},"end":{"line":185,"column":34}},"81":{"start":{"line":187,"column":8},"end":{"line":187,"column":43}},"82":{"start":{"line":188,"column":8},"end":{"line":188,"column":53}},"83":{"start":{"line":192,"column":4},"end":{"line":202,"column":5}},"84":{"start":{"line":193,"column":21},"end":{"line":193,"column":115}},"85":{"start":{"line":194,"column":8},"end":{"line":194,"column":95}},"86":{"start":{"line":195,"column":21},"end":{"line":195,"column":23}},"87":{"start":{"line":197,"column":8},"end":{"line":199,"column":11}},"88":{"start":{"line":198,"column":12},"end":{"line":198,"column":34}},"89":{"start":{"line":200,"column":8},"end":{"line":200,"column":43}},"90":{"start":{"line":201,"column":8},"end":{"line":201,"column":53}},"91":{"start":{"line":206,"column":17},"end":{"line":206,"column":110}},"92":{"start":{"line":207,"column":4},"end":{"line":207,"column":77}},"93":{"start":{"line":208,"column":17},"end":{"line":208,"column":19}},"94":{"start":{"line":210,"column":4},"end":{"line":216,"column":7}},"95":{"start":{"line":211,"column":8},"end":{"line":215,"column":9}},"96":{"start":{"line":212,"column":12},"end":{"line":212,"column":55}},"97":{"start":{"line":214,"column":12},"end":{"line":214,"column":59}},"98":{"start":{"line":217,"column":4},"end":{"line":217,"column":39}},"99":{"start":{"line":218,"column":4},"end":{"line":218,"column":49}},"100":{"start":{"line":222,"column":4},"end":{"line":228,"column":7}},"101":{"start":{"line":223,"column":8},"end":{"line":227,"column":11}},"102":{"start":{"line":232,"column":12},"end":{"line":232,"column":13}},"103":{"start":{"line":233,"column":4},"end":{"line":242,"column":7}},"104":{"start":{"line":234,"column":8},"end":{"line":240,"column":11}},"105":{"start":{"line":241,"column":8},"end":{"line":241,"column":12}},"106":{"start":{"line":244,"column":4},"end":{"line":244,"column":10}},"107":{"start":{"line":245,"column":4},"end":{"line":253,"column":7}},"108":{"start":{"line":246,"column":22},"end":{"line":246,"column":86}},"109":{"start":{"line":247,"column":8},"end":{"line":247,"column":56}},"110":{"start":{"line":249,"column":8},"end":{"line":251,"column":11}},"111":{"start":{"line":250,"column":12},"end":{"line":250,"column":139}},"112":{"start":{"line":252,"column":8},"end":{"line":252,"column":12}},"113":{"start":{"line":257,"column":12},"end":{"line":257,"column":13}},"114":{"start":{"line":258,"column":4},"end":{"line":267,"column":7}},"115":{"start":{"line":259,"column":8},"end":{"line":265,"column":11}},"116":{"start":{"line":266,"column":8},"end":{"line":266,"column":12}},"117":{"start":{"line":269,"column":4},"end":{"line":269,"column":10}},"118":{"start":{"line":270,"column":4},"end":{"line":280,"column":7}},"119":{"start":{"line":271,"column":22},"end":{"line":271,"column":86}},"120":{"start":{"line":272,"column":8},"end":{"line":272,"column":66}},"121":{"start":{"line":274,"column":8},"end":{"line":278,"column":11}},"122":{"start":{"line":275,"column":12},"end":{"line":277,"column":13}},"123":{"start":{"line":276,"column":16},"end":{"line":276,"column":143}},"124":{"start":{"line":279,"column":8},"end":{"line":279,"column":12}},"125":{"start":{"line":286,"column":4},"end":{"line":292,"column":7}},"126":{"start":{"line":287,"column":8},"end":{"line":291,"column":9}},"127":{"start":{"line":288,"column":12},"end":{"line":288,"column":80}},"128":{"start":{"line":289,"column":12},"end":{"line":289,"column":74}},"129":{"start":{"line":290,"column":12},"end":{"line":290,"column":19}},"130":{"start":{"line":297,"column":17},"end":{"line":297,"column":24}},"131":{"start":{"line":298,"column":16},"end":{"line":298,"column":18}},"132":{"start":{"line":299,"column":16},"end":{"line":299,"column":18}},"133":{"start":{"line":302,"column":4},"end":{"line":305,"column":5}},"134":{"start":{"line":303,"column":8},"end":{"line":303,"column":53}},"135":{"start":{"line":304,"column":8},"end":{"line":304,"column":60}},"136":{"start":{"line":307,"column":4},"end":{"line":309,"column":5}},"137":{"start":{"line":308,"column":8},"end":{"line":308,"column":39}},"138":{"start":{"line":312,"column":4},"end":{"line":315,"column":5}},"139":{"start":{"line":313,"column":8},"end":{"line":313,"column":57}},"140":{"start":{"line":314,"column":8},"end":{"line":314,"column":60}},"141":{"start":{"line":316,"column":4},"end":{"line":316,"column":54}},"142":{"start":{"line":321,"column":39},"end":{"line":321,"column":53}},"143":{"start":{"line":322,"column":4},"end":{"line":322,"column":38}},"144":{"start":{"line":327,"column":17},"end":{"line":327,"column":47}},"145":{"start":{"line":328,"column":18},"end":{"line":328,"column":41}},"146":{"start":{"line":330,"column":4},"end":{"line":336,"column":5}},"147":{"start":{"line":331,"column":21},"end":{"line":331,"column":41}},"148":{"start":{"line":332,"column":8},"end":{"line":332,"column":34}},"149":{"start":{"line":334,"column":21},"end":{"line":334,"column":42}},"150":{"start":{"line":335,"column":8},"end":{"line":335,"column":34}},"151":{"start":{"line":340,"column":0},"end":{"line":343,"column":2}},"152":{"start":{"line":340,"column":35},"end":{"line":343,"column":2}}},"fnMap":{"0":{"name":"openCreatureStatsWindow","decl":{"start":{"line":3,"column":15},"end":{"line":3,"column":38}},"loc":{"start":{"line":3,"column":54},"end":{"line":18,"column":1}},"line":3},"1":{"name":"renderCreatureStatsWindow","decl":{"start":{"line":20,"column":9},"end":{"line":20,"column":34}},"loc":{"start":{"line":20,"column":45},"end":{"line":73,"column":1}},"line":20},"2":{"name":"getCreatureSpeedData","decl":{"start":{"line":78,"column":9},"end":{"line":78,"column":29}},"loc":{"start":{"line":78,"column":40},"end":{"line":93,"column":1}},"line":78},"3":{"name":"(anonymous_3)","decl":{"start":{"line":80,"column":28},"end":{"line":80,"column":29}},"loc":{"start":{"line":80,"column":39},"end":{"line":84,"column":5}},"line":80},"4":{"name":"(anonymous_4)","decl":{"start":{"line":88,"column":19},"end":{"line":88,"column":20}},"loc":{"start":{"line":88,"column":30},"end":{"line":92,"column":5}},"line":88},"5":{"name":"getCreatureScoresData","decl":{"start":{"line":95,"column":9},"end":{"line":95,"column":30}},"loc":{"start":{"line":95,"column":41},"end":{"line":118,"column":1}},"line":95},"6":{"name":"getCreatureProficiencyData","decl":{"start":{"line":120,"column":9},"end":{"line":120,"column":35}},"loc":{"start":{"line":120,"column":46},"end":{"line":149,"column":1}},"line":120},"7":{"name":"(anonymous_7)","decl":{"start":{"line":126,"column":35},"end":{"line":126,"column":36}},"loc":{"start":{"line":126,"column":52},"end":{"line":133,"column":5}},"line":126},"8":{"name":"(anonymous_8)","decl":{"start":{"line":142,"column":19},"end":{"line":142,"column":20}},"loc":{"start":{"line":142,"column":30},"end":{"line":144,"column":5}},"line":142},"9":{"name":"getCreatureVulResData","decl":{"start":{"line":151,"column":9},"end":{"line":151,"column":30}},"loc":{"start":{"line":151,"column":41},"end":{"line":203,"column":1}},"line":151},"10":{"name":"(anonymous_10)","decl":{"start":{"line":158,"column":41},"end":{"line":158,"column":42}},"loc":{"start":{"line":158,"column":51},"end":{"line":160,"column":9}},"line":158},"11":{"name":"(anonymous_11)","decl":{"start":{"line":171,"column":37},"end":{"line":171,"column":38}},"loc":{"start":{"line":171,"column":47},"end":{"line":173,"column":9}},"line":171},"12":{"name":"(anonymous_12)","decl":{"start":{"line":184,"column":42},"end":{"line":184,"column":43}},"loc":{"start":{"line":184,"column":52},"end":{"line":186,"column":9}},"line":184},"13":{"name":"(anonymous_13)","decl":{"start":{"line":197,"column":45},"end":{"line":197,"column":46}},"loc":{"start":{"line":197,"column":55},"end":{"line":199,"column":9}},"line":197},"14":{"name":"getCreatureSensesData","decl":{"start":{"line":205,"column":9},"end":{"line":205,"column":30}},"loc":{"start":{"line":205,"column":41},"end":{"line":219,"column":1}},"line":205},"15":{"name":"(anonymous_15)","decl":{"start":{"line":210,"column":28},"end":{"line":210,"column":29}},"loc":{"start":{"line":210,"column":39},"end":{"line":216,"column":5}},"line":210},"16":{"name":"getCreatureSpecialAbilityData","decl":{"start":{"line":221,"column":9},"end":{"line":221,"column":38}},"loc":{"start":{"line":221,"column":49},"end":{"line":229,"column":1}},"line":221},"17":{"name":"(anonymous_17)","decl":{"start":{"line":222,"column":31},"end":{"line":222,"column":32}},"loc":{"start":{"line":222,"column":44},"end":{"line":228,"column":5}},"line":222},"18":{"name":"getCreatureActionsData","decl":{"start":{"line":231,"column":9},"end":{"line":231,"column":31}},"loc":{"start":{"line":231,"column":42},"end":{"line":254,"column":1}},"line":231},"19":{"name":"(anonymous_19)","decl":{"start":{"line":233,"column":29},"end":{"line":233,"column":30}},"loc":{"start":{"line":233,"column":41},"end":{"line":242,"column":5}},"line":233},"20":{"name":"(anonymous_20)","decl":{"start":{"line":245,"column":29},"end":{"line":245,"column":30}},"loc":{"start":{"line":245,"column":41},"end":{"line":253,"column":5}},"line":245},"21":{"name":"(anonymous_21)","decl":{"start":{"line":249,"column":30},"end":{"line":249,"column":31}},"loc":{"start":{"line":249,"column":39},"end":{"line":251,"column":9}},"line":249},"22":{"name":"getCreatureLegActionsData","decl":{"start":{"line":256,"column":9},"end":{"line":256,"column":34}},"loc":{"start":{"line":256,"column":45},"end":{"line":281,"column":1}},"line":256},"23":{"name":"(anonymous_23)","decl":{"start":{"line":258,"column":32},"end":{"line":258,"column":33}},"loc":{"start":{"line":258,"column":44},"end":{"line":267,"column":5}},"line":258},"24":{"name":"(anonymous_24)","decl":{"start":{"line":270,"column":32},"end":{"line":270,"column":33}},"loc":{"start":{"line":270,"column":44},"end":{"line":280,"column":5}},"line":270},"25":{"name":"(anonymous_25)","decl":{"start":{"line":274,"column":30},"end":{"line":274,"column":31}},"loc":{"start":{"line":274,"column":39},"end":{"line":278,"column":9}},"line":274},"26":{"name":"removeCreatureStatsWindow","decl":{"start":{"line":285,"column":9},"end":{"line":285,"column":34}},"loc":{"start":{"line":285,"column":42},"end":{"line":293,"column":1}},"line":285},"27":{"name":"(anonymous_27)","decl":{"start":{"line":286,"column":30},"end":{"line":286,"column":31}},"loc":{"start":{"line":286,"column":44},"end":{"line":292,"column":5}},"line":286},"28":{"name":"getActionDesc","decl":{"start":{"line":296,"column":9},"end":{"line":296,"column":22}},"loc":{"start":{"line":296,"column":32},"end":{"line":317,"column":1}},"line":296},"29":{"name":"separateDmgRoll","decl":{"start":{"line":320,"column":9},"end":{"line":320,"column":24}},"loc":{"start":{"line":320,"column":30},"end":{"line":323,"column":1}},"line":320},"30":{"name":"separateProf","decl":{"start":{"line":326,"column":9},"end":{"line":326,"column":21}},"loc":{"start":{"line":326,"column":37},"end":{"line":337,"column":1}},"line":326}},"branchMap":{"0":{"loc":{"start":{"line":7,"column":8},"end":{"line":11,"column":9}},"type":"if","locations":[{"start":{"line":7,"column":8},"end":{"line":11,"column":9}},{"start":{},"end":{}}],"line":7},"1":{"loc":{"start":{"line":8,"column":12},"end":{"line":8,"column":144}},"type":"if","locations":[{"start":{"line":8,"column":12},"end":{"line":8,"column":144}},{"start":{},"end":{}}],"line":8},"2":{"loc":{"start":{"line":30,"column":21},"end":{"line":30,"column":61}},"type":"cond-expr","locations":[{"start":{"line":30,"column":37},"end":{"line":30,"column":56}},{"start":{"line":30,"column":59},"end":{"line":30,"column":61}}],"line":30},"3":{"loc":{"start":{"line":30,"column":64},"end":{"line":30,"column":98}},"type":"cond-expr","locations":[{"start":{"line":30,"column":80},"end":{"line":30,"column":93}},{"start":{"line":30,"column":96},"end":{"line":30,"column":98}}],"line":30},"4":{"loc":{"start":{"line":30,"column":103},"end":{"line":30,"column":146}},"type":"cond-expr","locations":[{"start":{"line":30,"column":124},"end":{"line":30,"column":142}},{"start":{"line":30,"column":144},"end":{"line":30,"column":146}}],"line":30},"5":{"loc":{"start":{"line":34,"column":77},"end":{"line":34,"column":126}},"type":"cond-expr","locations":[{"start":{"line":34,"column":97},"end":{"line":34,"column":121}},{"start":{"line":34,"column":124},"end":{"line":34,"column":126}}],"line":34},"6":{"loc":{"start":{"line":43,"column":22},"end":{"line":43,"column":125}},"type":"cond-expr","locations":[{"start":{"line":43,"column":54},"end":{"line":43,"column":120}},{"start":{"line":43,"column":123},"end":{"line":43,"column":125}}],"line":43},"7":{"loc":{"start":{"line":46,"column":61},"end":{"line":46,"column":92}},"type":"cond-expr","locations":[{"start":{"line":46,"column":75},"end":{"line":46,"column":86}},{"start":{"line":46,"column":89},"end":{"line":46,"column":92}}],"line":46},"8":{"loc":{"start":{"line":46,"column":97},"end":{"line":46,"column":126}},"type":"cond-expr","locations":[{"start":{"line":46,"column":111},"end":{"line":46,"column":122}},{"start":{"line":46,"column":125},"end":{"line":46,"column":126}}],"line":46},"9":{"loc":{"start":{"line":50,"column":14},"end":{"line":53,"column":24}},"type":"cond-expr","locations":[{"start":{"line":50,"column":44},"end":{"line":53,"column":19}},{"start":{"line":53,"column":22},"end":{"line":53,"column":24}}],"line":50},"10":{"loc":{"start":{"line":54,"column":14},"end":{"line":57,"column":24}},"type":"cond-expr","locations":[{"start":{"line":54,"column":47},"end":{"line":57,"column":19}},{"start":{"line":57,"column":22},"end":{"line":57,"column":24}}],"line":54},"11":{"loc":{"start":{"line":81,"column":8},"end":{"line":83,"column":9}},"type":"if","locations":[{"start":{"line":81,"column":8},"end":{"line":83,"column":9}},{"start":{},"end":{}}],"line":81},"12":{"loc":{"start":{"line":111,"column":21},"end":{"line":111,"column":44}},"type":"cond-expr","locations":[{"start":{"line":111,"column":36},"end":{"line":111,"column":38}},{"start":{"line":111,"column":41},"end":{"line":111,"column":44}}],"line":111},"13":{"loc":{"start":{"line":128,"column":8},"end":{"line":132,"column":9}},"type":"if","locations":[{"start":{"line":128,"column":8},"end":{"line":132,"column":9}},{"start":{"line":130,"column":15},"end":{"line":132,"column":9}}],"line":128},"14":{"loc":{"start":{"line":137,"column":4},"end":{"line":137,"column":37}},"type":"if","locations":[{"start":{"line":137,"column":4},"end":{"line":137,"column":37}},{"start":{},"end":{}}],"line":137},"15":{"loc":{"start":{"line":148,"column":4},"end":{"line":148,"column":43}},"type":"if","locations":[{"start":{"line":148,"column":4},"end":{"line":148,"column":43}},{"start":{},"end":{}}],"line":148},"16":{"loc":{"start":{"line":153,"column":4},"end":{"line":163,"column":5}},"type":"if","locations":[{"start":{"line":153,"column":4},"end":{"line":163,"column":5}},{"start":{},"end":{}}],"line":153},"17":{"loc":{"start":{"line":166,"column":4},"end":{"line":176,"column":5}},"type":"if","locations":[{"start":{"line":166,"column":4},"end":{"line":176,"column":5}},{"start":{},"end":{}}],"line":166},"18":{"loc":{"start":{"line":179,"column":4},"end":{"line":189,"column":5}},"type":"if","locations":[{"start":{"line":179,"column":4},"end":{"line":189,"column":5}},{"start":{},"end":{}}],"line":179},"19":{"loc":{"start":{"line":192,"column":4},"end":{"line":202,"column":5}},"type":"if","locations":[{"start":{"line":192,"column":4},"end":{"line":202,"column":5}},{"start":{},"end":{}}],"line":192},"20":{"loc":{"start":{"line":211,"column":8},"end":{"line":215,"column":9}},"type":"if","locations":[{"start":{"line":211,"column":8},"end":{"line":215,"column":9}},{"start":{"line":213,"column":15},"end":{"line":215,"column":9}}],"line":211},"21":{"loc":{"start":{"line":211,"column":12},"end":{"line":211,"column":76}},"type":"binary-expr","locations":[{"start":{"line":211,"column":12},"end":{"line":211,"column":42}},{"start":{"line":211,"column":46},"end":{"line":211,"column":76}}],"line":211},"22":{"loc":{"start":{"line":237,"column":18},"end":{"line":237,"column":155}},"type":"cond-expr","locations":[{"start":{"line":237,"column":40},"end":{"line":237,"column":150}},{"start":{"line":237,"column":153},"end":{"line":237,"column":155}}],"line":237},"23":{"loc":{"start":{"line":262,"column":18},"end":{"line":262,"column":155}},"type":"cond-expr","locations":[{"start":{"line":262,"column":40},"end":{"line":262,"column":150}},{"start":{"line":262,"column":153},"end":{"line":262,"column":155}}],"line":262},"24":{"loc":{"start":{"line":275,"column":12},"end":{"line":277,"column":13}},"type":"if","locations":[{"start":{"line":275,"column":12},"end":{"line":277,"column":13}},{"start":{},"end":{}}],"line":275},"25":{"loc":{"start":{"line":287,"column":8},"end":{"line":291,"column":9}},"type":"if","locations":[{"start":{"line":287,"column":8},"end":{"line":291,"column":9}},{"start":{},"end":{}}],"line":287},"26":{"loc":{"start":{"line":330,"column":4},"end":{"line":336,"column":5}},"type":"if","locations":[{"start":{"line":330,"column":4},"end":{"line":336,"column":5}},{"start":{"line":333,"column":11},"end":{"line":336,"column":5}}],"line":330},"27":{"loc":{"start":{"line":340,"column":0},"end":{"line":343,"column":2}},"type":"if","locations":[{"start":{"line":340,"column":0},"end":{"line":343,"column":2}},{"start":{},"end":{}}],"line":340}},"s":{"0":1,"1":0,"2":0,"3":0,"4":0,"5":0,"6":0,"7":0,"8":0,"9":0,"10":0,"11":0,"12":0,"13":0,"14":0,"15":0,"16":0,"17":0,"18":0,"19":0,"20":0,"21":0,"22":0,"23":0,"24":0,"25":0,"26":0,"27":0,"28":0,"29":0,"30":0,"31":0,"32":0,"33":0,"34":0,"35":0,"36":0,"37":0,"38":0,"39":0,"40":0,"41":0,"42":0,"43":0,"44":0,"45":0,"46":0,"47":0,"48":0,"49":0,"50":0,"51":0,"52":0,"53":0,"54":0,"55":0,"56":0,"57":0,"58":0,"59":0,"60":0,"61":0,"62":0,"63":0,"64":0,"65":0,"66":0,"67":0,"68":0,"69":0,"70":0,"71":0,"72":0,"73":0,"74":0,"75":0,"76":0,"77":0,"78":0,"79":0,"80":0,"81":0,"82":0,"83":0,"84":0,"85":0,"86":0,"87":0,"88":0,"89":0,"90":0,"91":0,"92":0,"93":0,"94":0,"95":0,"96":0,"97":0,"98":0,"99":0,"100":0,"101":0,"102":0,"103":0,"104":0,"105":0,"106":0,"107":0,"108":0,"109":0,"110":0,"111":0,"112":0,"113":0,"114":0,"115":0,"116":0,"117":0,"118":0,"119":0,"120":0,"121":0,"122":0,"123":0,"124":0,"125":0,"126":0,"127":0,"128":0,"129":0,"130":3,"131":3,"132":3,"133":3,"134":2,"135":2,"136":3,"137":2,"138":3,"139":2,"140":2,"141":3,"142":1,"143":1,"144":0,"145":0,"146":0,"147":0,"148":0,"149":0,"150":0,"151":1,"152":1},"f":{"0":0,"1":0,"2":0,"3":0,"4":0,"5":0,"6":0,"7":0,"8":0,"9":0,"10":0,"11":0,"12":0,"13":0,"14":0,"15":0,"16":0,"17":0,"18":0,"19":0,"20":0,"21":0,"22":0,"23":0,"24":0,"25":0,"26":0,"27":0,"28":3,"29":1,"30":0},"b":{"0":[0,0],"1":[0,0],"2":[0,0],"3":[0,0],"4":[0,0],"5":[0,0],"6":[0,0],"7":[0,0],"8":[0,0],"9":[0,0],"10":[0,0],"11":[0,0],"12":[0,0],"13":[0,0],"14":[0,0],"15":[0,0],"16":[0,0],"17":[0,0],"18":[0,0],"19":[0,0],"20":[0,0],"21":[0,0],"22":[0,0],"23":[0,0],"24":[0,0],"25":[0,0],"26":[0,0],"27":[1,0]},"_coverageSchema":"1a1c01bbd47fc00a2c39e90264f33305004495a9","hash":"c9ca31ca271e9c1102c45a97d43223ba394176a4"}
,"/Users/bennett/Documents/Apprenticeship/Virtual-Table/src/scripts/utils.js": {"path":"/Users/bennett/Documents/Apprenticeship/Virtual-Table/src/scripts/utils.js","statementMap":{"0":{"start":{"line":1,"column":15},"end":{"line":1,"column":20}},"1":{"start":{"line":5,"column":14},"end":{"line":5,"column":66}},"2":{"start":{"line":5,"column":33},"end":{"line":5,"column":66}},"3":{"start":{"line":9,"column":4},"end":{"line":13,"column":5}},"4":{"start":{"line":10,"column":8},"end":{"line":12,"column":9}},"5":{"start":{"line":11,"column":12},"end":{"line":11,"column":24}},"6":{"start":{"line":17,"column":4},"end":{"line":38,"column":5}},"7":{"start":{"line":19,"column":8},"end":{"line":19,"column":49}},"8":{"start":{"line":20,"column":8},"end":{"line":20,"column":25}},"9":{"start":{"line":23,"column":8},"end":{"line":23,"column":49}},"10":{"start":{"line":24,"column":8},"end":{"line":24,"column":25}},"11":{"start":{"line":26,"column":8},"end":{"line":37,"column":9}},"12":{"start":{"line":28,"column":16},"end":{"line":28,"column":34}},"13":{"start":{"line":29,"column":16},"end":{"line":29,"column":22}},"14":{"start":{"line":31,"column":16},"end":{"line":31,"column":32}},"15":{"start":{"line":32,"column":16},"end":{"line":32,"column":22}},"16":{"start":{"line":34,"column":16},"end":{"line":34,"column":38}},"17":{"start":{"line":36,"column":16},"end":{"line":36,"column":22}},"18":{"start":{"line":42,"column":15},"end":{"line":42,"column":30}},"19":{"start":{"line":43,"column":4},"end":{"line":43,"column":67}},"20":{"start":{"line":47,"column":15},"end":{"line":47,"column":16}},"21":{"start":{"line":47,"column":25},"end":{"line":47,"column":26}},"22":{"start":{"line":47,"column":35},"end":{"line":47,"column":36}},"23":{"start":{"line":47,"column":45},"end":{"line":47,"column":46}},"24":{"start":{"line":48,"column":4},"end":{"line":54,"column":5}},"25":{"start":{"line":50,"column":6},"end":{"line":50,"column":83}},"26":{"start":{"line":53,"column":6},"end":{"line":53,"column":40}},"27":{"start":{"line":57,"column":6},"end":{"line":57,"column":28}},"28":{"start":{"line":58,"column":6},"end":{"line":58,"column":25}},"29":{"start":{"line":60,"column":6},"end":{"line":60,"column":23}},"30":{"start":{"line":61,"column":6},"end":{"line":61,"column":23}},"31":{"start":{"line":62,"column":6},"end":{"line":62,"column":44}},"32":{"start":{"line":64,"column":6},"end":{"line":64,"column":41}},"33":{"start":{"line":68,"column":6},"end":{"line":68,"column":28}},"34":{"start":{"line":69,"column":6},"end":{"line":69,"column":25}},"35":{"start":{"line":71,"column":6},"end":{"line":71,"column":30}},"36":{"start":{"line":72,"column":6},"end":{"line":72,"column":30}},"37":{"start":{"line":73,"column":6},"end":{"line":73,"column":23}},"38":{"start":{"line":74,"column":6},"end":{"line":74,"column":23}},"39":{"start":{"line":76,"column":6},"end":{"line":76,"column":56}},"40":{"start":{"line":77,"column":6},"end":{"line":77,"column":58}},"41":{"start":{"line":82,"column":6},"end":{"line":82,"column":32}},"42":{"start":{"line":83,"column":6},"end":{"line":83,"column":34}},"43":{"start":{"line":88,"column":4},"end":{"line":91,"column":5}},"44":{"start":{"line":89,"column":8},"end":{"line":89,"column":49}},"45":{"start":{"line":90,"column":8},"end":{"line":90,"column":25}},"46":{"start":{"line":92,"column":4},"end":{"line":94,"column":5}},"47":{"start":{"line":93,"column":8},"end":{"line":93,"column":46}},"48":{"start":{"line":93,"column":23},"end":{"line":93,"column":46}},"49":{"start":{"line":98,"column":4},"end":{"line":98,"column":51}},"50":{"start":{"line":103,"column":4},"end":{"line":106,"column":5}},"51":{"start":{"line":104,"column":8},"end":{"line":104,"column":75}},"52":{"start":{"line":104,"column":50},"end":{"line":104,"column":71}},"53":{"start":{"line":105,"column":8},"end":{"line":105,"column":75}},"54":{"start":{"line":105,"column":51},"end":{"line":105,"column":71}},"55":{"start":{"line":109,"column":0},"end":{"line":111,"column":2}},"56":{"start":{"line":109,"column":35},"end":{"line":111,"column":2}}},"fnMap":{"0":{"name":"(anonymous_0)","decl":{"start":{"line":5,"column":14},"end":{"line":5,"column":15}},"loc":{"start":{"line":5,"column":33},"end":{"line":5,"column":66}},"line":5},"1":{"name":"findCell","decl":{"start":{"line":8,"column":9},"end":{"line":8,"column":17}},"loc":{"start":{"line":8,"column":24},"end":{"line":14,"column":1}},"line":8},"2":{"name":"closeMenu","decl":{"start":{"line":16,"column":9},"end":{"line":16,"column":18}},"loc":{"start":{"line":16,"column":29},"end":{"line":39,"column":1}},"line":16},"3":{"name":"changeRoute","decl":{"start":{"line":41,"column":9},"end":{"line":41,"column":20}},"loc":{"start":{"line":41,"column":28},"end":{"line":44,"column":1}},"line":41},"4":{"name":"dragElement","decl":{"start":{"line":46,"column":9},"end":{"line":46,"column":20}},"loc":{"start":{"line":46,"column":40},"end":{"line":85,"column":1}},"line":46},"5":{"name":"dragMouseDown","decl":{"start":{"line":56,"column":13},"end":{"line":56,"column":26}},"loc":{"start":{"line":56,"column":30},"end":{"line":65,"column":5}},"line":56},"6":{"name":"elementDrag","decl":{"start":{"line":67,"column":13},"end":{"line":67,"column":24}},"loc":{"start":{"line":67,"column":28},"end":{"line":78,"column":5}},"line":67},"7":{"name":"closeDragElement","decl":{"start":{"line":80,"column":13},"end":{"line":80,"column":29}},"loc":{"start":{"line":80,"column":32},"end":{"line":84,"column":5}},"line":80},"8":{"name":"closeAllWindows","decl":{"start":{"line":87,"column":9},"end":{"line":87,"column":24}},"loc":{"start":{"line":87,"column":27},"end":{"line":95,"column":1}},"line":87},"9":{"name":"indexConverter","decl":{"start":{"line":97,"column":9},"end":{"line":97,"column":23}},"loc":{"start":{"line":97,"column":30},"end":{"line":99,"column":1}},"line":97},"10":{"name":"disableHotkeys","decl":{"start":{"line":101,"column":9},"end":{"line":101,"column":23}},"loc":{"start":{"line":101,"column":26},"end":{"line":107,"column":1}},"line":101},"11":{"name":"(anonymous_11)","decl":{"start":{"line":104,"column":42},"end":{"line":104,"column":43}},"loc":{"start":{"line":104,"column":48},"end":{"line":104,"column":73}},"line":104},"12":{"name":"(anonymous_12)","decl":{"start":{"line":105,"column":43},"end":{"line":105,"column":44}},"loc":{"start":{"line":105,"column":49},"end":{"line":105,"column":73}},"line":105}},"branchMap":{"0":{"loc":{"start":{"line":10,"column":8},"end":{"line":12,"column":9}},"type":"if","locations":[{"start":{"line":10,"column":8},"end":{"line":12,"column":9}},{"start":{},"end":{}}],"line":10},"1":{"loc":{"start":{"line":10,"column":12},"end":{"line":10,"column":94}},"type":"binary-expr","locations":[{"start":{"line":10,"column":12},"end":{"line":10,"column":51}},{"start":{"line":10,"column":55},"end":{"line":10,"column":94}}],"line":10},"2":{"loc":{"start":{"line":17,"column":4},"end":{"line":38,"column":5}},"type":"if","locations":[{"start":{"line":17,"column":4},"end":{"line":38,"column":5}},{"start":{"line":21,"column":11},"end":{"line":38,"column":5}}],"line":17},"3":{"loc":{"start":{"line":26,"column":8},"end":{"line":37,"column":9}},"type":"switch","locations":[{"start":{"line":27,"column":12},"end":{"line":29,"column":22}},{"start":{"line":30,"column":12},"end":{"line":32,"column":22}},{"start":{"line":33,"column":12},"end":{"line":34,"column":38}},{"start":{"line":35,"column":12},"end":{"line":36,"column":22}}],"line":26},"4":{"loc":{"start":{"line":48,"column":4},"end":{"line":54,"column":5}},"type":"if","locations":[{"start":{"line":48,"column":4},"end":{"line":54,"column":5}},{"start":{"line":51,"column":11},"end":{"line":54,"column":5}}],"line":48},"5":{"loc":{"start":{"line":57,"column":10},"end":{"line":57,"column":27}},"type":"binary-expr","locations":[{"start":{"line":57,"column":10},"end":{"line":57,"column":11}},{"start":{"line":57,"column":15},"end":{"line":57,"column":27}}],"line":57},"6":{"loc":{"start":{"line":68,"column":10},"end":{"line":68,"column":27}},"type":"binary-expr","locations":[{"start":{"line":68,"column":10},"end":{"line":68,"column":11}},{"start":{"line":68,"column":15},"end":{"line":68,"column":27}}],"line":68},"7":{"loc":{"start":{"line":88,"column":4},"end":{"line":91,"column":5}},"type":"if","locations":[{"start":{"line":88,"column":4},"end":{"line":91,"column":5}},{"start":{},"end":{}}],"line":88},"8":{"loc":{"start":{"line":92,"column":4},"end":{"line":94,"column":5}},"type":"if","locations":[{"start":{"line":92,"column":4},"end":{"line":94,"column":5}},{"start":{},"end":{}}],"line":92},"9":{"loc":{"start":{"line":93,"column":8},"end":{"line":93,"column":46}},"type":"if","locations":[{"start":{"line":93,"column":8},"end":{"line":93,"column":46}},{"start":{},"end":{}}],"line":93},"10":{"loc":{"start":{"line":109,"column":0},"end":{"line":111,"column":2}},"type":"if","locations":[{"start":{"line":109,"column":0},"end":{"line":111,"column":2}},{"start":{},"end":{}}],"line":109}},"s":{"0":1,"1":1,"2":0,"3":0,"4":0,"5":0,"6":0,"7":0,"8":0,"9":0,"10":0,"11":0,"12":0,"13":0,"14":0,"15":0,"16":0,"17":0,"18":0,"19":0,"20":0,"21":0,"22":0,"23":0,"24":0,"25":0,"26":0,"27":0,"28":0,"29":0,"30":0,"31":0,"32":0,"33":0,"34":0,"35":0,"36":0,"37":0,"38":0,"39":0,"40":0,"41":0,"42":0,"43":0,"44":0,"45":0,"46":0,"47":0,"48":0,"49":1,"50":0,"51":0,"52":0,"53":0,"54":0,"55":1,"56":1},"f":{"0":0,"1":0,"2":0,"3":0,"4":0,"5":0,"6":0,"7":0,"8":0,"9":1,"10":0,"11":0,"12":0},"b":{"0":[0,0],"1":[0,0],"2":[0,0],"3":[0,0,0,0],"4":[0,0],"5":[0,0],"6":[0,0],"7":[0,0],"8":[0,0],"9":[0,0],"10":[1,0]},"_coverageSchema":"1a1c01bbd47fc00a2c39e90264f33305004495a9","hash":"81a8d961e8406f5a3b5e3c267bda310f568b7805"}
,"/Users/bennett/Documents/Apprenticeship/Virtual-Table/src/scripts/routes/creatures.route.js": {"path":"/Users/bennett/Documents/Apprenticeship/Virtual-Table/src/scripts/routes/creatures.route.js","statementMap":{"0":{"start":{"line":4,"column":4},"end":{"line":9,"column":5}},"1":{"start":{"line":5,"column":20},"end":{"line":5,"column":75}},"2":{"start":{"line":6,"column":8},"end":{"line":6,"column":37}},"3":{"start":{"line":8,"column":8},"end":{"line":8,"column":25}},"4":{"start":{"line":13,"column":4},"end":{"line":23,"column":5}},"5":{"start":{"line":14,"column":8},"end":{"line":20,"column":9}},"6":{"start":{"line":15,"column":24},"end":{"line":15,"column":66}},"7":{"start":{"line":16,"column":12},"end":{"line":16,"column":47}},"8":{"start":{"line":18,"column":24},"end":{"line":18,"column":88}},"9":{"start":{"line":19,"column":12},"end":{"line":19,"column":55}},"10":{"start":{"line":22,"column":8},"end":{"line":22,"column":25}},"11":{"start":{"line":28,"column":107},"end":{"line":28,"column":149}},"12":{"start":{"line":29,"column":24},"end":{"line":63,"column":5}},"13":{"start":{"line":64,"column":4},"end":{"line":64,"column":29}},"14":{"start":{"line":65,"column":4},"end":{"line":65,"column":23}},"15":{"start":{"line":69,"column":26},"end":{"line":69,"column":69}},"16":{"start":{"line":70,"column":33},"end":{"line":70,"column":89}},"17":{"start":{"line":71,"column":19},"end":{"line":71,"column":48}},"18":{"start":{"line":72,"column":30},"end":{"line":72,"column":73}},"19":{"start":{"line":73,"column":20},"end":{"line":73,"column":51}},"20":{"start":{"line":74,"column":30},"end":{"line":74,"column":80}},"21":{"start":{"line":76,"column":4},"end":{"line":76,"column":196}},"22":{"start":{"line":80,"column":24},"end":{"line":80,"column":26}},"23":{"start":{"line":81,"column":4},"end":{"line":85,"column":5}},"24":{"start":{"line":82,"column":8},"end":{"line":84,"column":11}},"25":{"start":{"line":83,"column":12},"end":{"line":83,"column":81}},"26":{"start":{"line":86,"column":4},"end":{"line":86,"column":25}},"27":{"start":{"line":90,"column":31},"end":{"line":90,"column":33}},"28":{"start":{"line":91,"column":4},"end":{"line":95,"column":5}},"29":{"start":{"line":92,"column":8},"end":{"line":94,"column":11}},"30":{"start":{"line":93,"column":12},"end":{"line":93,"column":53}},"31":{"start":{"line":96,"column":4},"end":{"line":96,"column":32}},"32":{"start":{"line":100,"column":17},"end":{"line":100,"column":19}},"33":{"start":{"line":101,"column":4},"end":{"line":101,"column":111}},"34":{"start":{"line":101,"column":28},"end":{"line":101,"column":111}},"35":{"start":{"line":102,"column":4},"end":{"line":102,"column":111}},"36":{"start":{"line":102,"column":28},"end":{"line":102,"column":111}},"37":{"start":{"line":103,"column":4},"end":{"line":103,"column":114}},"38":{"start":{"line":103,"column":29},"end":{"line":103,"column":114}},"39":{"start":{"line":104,"column":4},"end":{"line":104,"column":108}},"40":{"start":{"line":104,"column":27},"end":{"line":104,"column":108}},"41":{"start":{"line":105,"column":4},"end":{"line":105,"column":113}},"42":{"start":{"line":105,"column":36},"end":{"line":105,"column":113}},"43":{"start":{"line":106,"column":4},"end":{"line":106,"column":18}},"44":{"start":{"line":110,"column":28},"end":{"line":110,"column":30}},"45":{"start":{"line":111,"column":4},"end":{"line":115,"column":5}},"46":{"start":{"line":112,"column":8},"end":{"line":114,"column":11}},"47":{"start":{"line":113,"column":12},"end":{"line":113,"column":125}},"48":{"start":{"line":116,"column":4},"end":{"line":116,"column":29}},"49":{"start":{"line":120,"column":18},"end":{"line":120,"column":20}},"50":{"start":{"line":121,"column":4},"end":{"line":125,"column":5}},"51":{"start":{"line":122,"column":8},"end":{"line":124,"column":11}},"52":{"start":{"line":123,"column":12},"end":{"line":123,"column":147}},"53":{"start":{"line":127,"column":4},"end":{"line":127,"column":19}},"54":{"start":{"line":131,"column":28},"end":{"line":131,"column":30}},"55":{"start":{"line":132,"column":4},"end":{"line":136,"column":5}},"56":{"start":{"line":133,"column":8},"end":{"line":135,"column":11}},"57":{"start":{"line":134,"column":12},"end":{"line":134,"column":157}},"58":{"start":{"line":137,"column":4},"end":{"line":137,"column":29}},"59":{"start":{"line":142,"column":18},"end":{"line":142,"column":20}},"60":{"start":{"line":143,"column":4},"end":{"line":147,"column":5}},"61":{"start":{"line":144,"column":8},"end":{"line":146,"column":11}},"62":{"start":{"line":145,"column":12},"end":{"line":145,"column":91}},"63":{"start":{"line":148,"column":4},"end":{"line":148,"column":19}},"64":{"start":{"line":153,"column":16},"end":{"line":153,"column":18}},"65":{"start":{"line":154,"column":4},"end":{"line":157,"column":5}},"66":{"start":{"line":155,"column":8},"end":{"line":155,"column":47}},"67":{"start":{"line":156,"column":8},"end":{"line":156,"column":21}},"68":{"start":{"line":162,"column":139},"end":{"line":162,"column":173}},"69":{"start":{"line":164,"column":24},"end":{"line":198,"column":5}},"70":{"start":{"line":199,"column":4},"end":{"line":199,"column":29}},"71":{"start":{"line":200,"column":4},"end":{"line":200,"column":23}},"72":{"start":{"line":205,"column":24},"end":{"line":205,"column":26}},"73":{"start":{"line":206,"column":26},"end":{"line":206,"column":28}},"74":{"start":{"line":207,"column":22},"end":{"line":207,"column":24}},"75":{"start":{"line":208,"column":27},"end":{"line":208,"column":29}},"76":{"start":{"line":209,"column":30},"end":{"line":209,"column":32}},"77":{"start":{"line":210,"column":17},"end":{"line":210,"column":19}},"78":{"start":{"line":211,"column":20},"end":{"line":211,"column":22}},"79":{"start":{"line":212,"column":18},"end":{"line":212,"column":20}},"80":{"start":{"line":213,"column":21},"end":{"line":213,"column":23}},"81":{"start":{"line":215,"column":4},"end":{"line":229,"column":5}},"82":{"start":{"line":216,"column":8},"end":{"line":216,"column":75}},"83":{"start":{"line":217,"column":8},"end":{"line":217,"column":44}},"84":{"start":{"line":218,"column":8},"end":{"line":218,"column":40}},"85":{"start":{"line":219,"column":8},"end":{"line":219,"column":70}},"86":{"start":{"line":220,"column":8},"end":{"line":220,"column":75}},"87":{"start":{"line":221,"column":8},"end":{"line":221,"column":71}},"88":{"start":{"line":222,"column":8},"end":{"line":222,"column":82}},"89":{"start":{"line":224,"column":8},"end":{"line":228,"column":9}},"90":{"start":{"line":225,"column":12},"end":{"line":225,"column":52}},"91":{"start":{"line":226,"column":15},"end":{"line":228,"column":9}},"92":{"start":{"line":227,"column":12},"end":{"line":227,"column":55}},"93":{"start":{"line":231,"column":4},"end":{"line":231,"column":63}},"94":{"start":{"line":232,"column":4},"end":{"line":232,"column":61}},"95":{"start":{"line":233,"column":4},"end":{"line":233,"column":53}},"96":{"start":{"line":234,"column":4},"end":{"line":234,"column":63}},"97":{"start":{"line":235,"column":4},"end":{"line":235,"column":69}},"98":{"start":{"line":236,"column":4},"end":{"line":236,"column":49}},"99":{"start":{"line":237,"column":4},"end":{"line":237,"column":55}},"100":{"start":{"line":238,"column":4},"end":{"line":238,"column":51}},"101":{"start":{"line":239,"column":4},"end":{"line":239,"column":57}},"102":{"start":{"line":242,"column":28},"end":{"line":242,"column":30}},"103":{"start":{"line":243,"column":4},"end":{"line":246,"column":7}},"104":{"start":{"line":244,"column":28},"end":{"line":244,"column":55}},"105":{"start":{"line":245,"column":8},"end":{"line":245,"column":134}},"106":{"start":{"line":247,"column":4},"end":{"line":247,"column":34}},"107":{"start":{"line":250,"column":26},"end":{"line":250,"column":28}},"108":{"start":{"line":251,"column":4},"end":{"line":254,"column":7}},"109":{"start":{"line":252,"column":27},"end":{"line":252,"column":53}},"110":{"start":{"line":253,"column":8},"end":{"line":253,"column":161}},"111":{"start":{"line":255,"column":4},"end":{"line":255,"column":30}},"112":{"start":{"line":258,"column":29},"end":{"line":258,"column":31}},"113":{"start":{"line":259,"column":4},"end":{"line":262,"column":7}},"114":{"start":{"line":260,"column":30},"end":{"line":260,"column":56}},"115":{"start":{"line":261,"column":8},"end":{"line":261,"column":173}},"116":{"start":{"line":263,"column":4},"end":{"line":263,"column":36}},"117":{"start":{"line":265,"column":4},"end":{"line":265,"column":260}},"118":{"start":{"line":270,"column":17},"end":{"line":270,"column":19}},"119":{"start":{"line":271,"column":4},"end":{"line":285,"column":5}},"120":{"start":{"line":273,"column":8},"end":{"line":277,"column":9}},"121":{"start":{"line":273,"column":21},"end":{"line":273,"column":22}},"122":{"start":{"line":274,"column":12},"end":{"line":276,"column":13}},"123":{"start":{"line":274,"column":39},"end":{"line":274,"column":66}},"124":{"start":{"line":275,"column":16},"end":{"line":275,"column":38}},"125":{"start":{"line":280,"column":8},"end":{"line":284,"column":9}},"126":{"start":{"line":280,"column":21},"end":{"line":280,"column":22}},"127":{"start":{"line":281,"column":12},"end":{"line":283,"column":13}},"128":{"start":{"line":281,"column":39},"end":{"line":281,"column":56}},"129":{"start":{"line":282,"column":16},"end":{"line":282,"column":38}},"130":{"start":{"line":286,"column":4},"end":{"line":286,"column":18}},"131":{"start":{"line":290,"column":4},"end":{"line":295,"column":5}},"132":{"start":{"line":291,"column":20},"end":{"line":291,"column":53}},"133":{"start":{"line":292,"column":8},"end":{"line":292,"column":35}},"134":{"start":{"line":294,"column":8},"end":{"line":294,"column":25}},"135":{"start":{"line":301,"column":4},"end":{"line":301,"column":25}},"136":{"start":{"line":302,"column":4},"end":{"line":306,"column":5}},"137":{"start":{"line":303,"column":8},"end":{"line":303,"column":52}},"138":{"start":{"line":305,"column":8},"end":{"line":305,"column":25}},"139":{"start":{"line":341,"column":8},"end":{"line":341,"column":21}},"140":{"start":{"line":342,"column":8},"end":{"line":342,"column":31}},"141":{"start":{"line":343,"column":8},"end":{"line":343,"column":27}},"142":{"start":{"line":344,"column":8},"end":{"line":344,"column":25}},"143":{"start":{"line":345,"column":8},"end":{"line":345,"column":25}},"144":{"start":{"line":346,"column":8},"end":{"line":346,"column":25}},"145":{"start":{"line":347,"column":8},"end":{"line":347,"column":35}},"146":{"start":{"line":348,"column":8},"end":{"line":348,"column":21}},"147":{"start":{"line":349,"column":8},"end":{"line":349,"column":37}},"148":{"start":{"line":350,"column":8},"end":{"line":350,"column":33}},"149":{"start":{"line":351,"column":8},"end":{"line":351,"column":23}},"150":{"start":{"line":352,"column":8},"end":{"line":352,"column":23}},"151":{"start":{"line":353,"column":8},"end":{"line":353,"column":23}},"152":{"start":{"line":354,"column":8},"end":{"line":354,"column":23}},"153":{"start":{"line":355,"column":8},"end":{"line":355,"column":23}},"154":{"start":{"line":356,"column":8},"end":{"line":356,"column":25}},"155":{"start":{"line":357,"column":8},"end":{"line":357,"column":21}},"156":{"start":{"line":358,"column":8},"end":{"line":358,"column":21}},"157":{"start":{"line":359,"column":8},"end":{"line":359,"column":35}},"158":{"start":{"line":360,"column":8},"end":{"line":367,"column":43}},"159":{"start":{"line":368,"column":8},"end":{"line":368,"column":47}},"160":{"start":{"line":369,"column":8},"end":{"line":369,"column":39}},"161":{"start":{"line":370,"column":8},"end":{"line":370,"column":49}},"162":{"start":{"line":371,"column":8},"end":{"line":371,"column":55}},"163":{"start":{"line":372,"column":8},"end":{"line":372,"column":29}},"164":{"start":{"line":373,"column":8},"end":{"line":373,"column":35}},"165":{"start":{"line":374,"column":8},"end":{"line":374,"column":31}},"166":{"start":{"line":375,"column":8},"end":{"line":375,"column":37}},"167":{"start":{"line":379,"column":0},"end":{"line":387,"column":2}},"168":{"start":{"line":379,"column":35},"end":{"line":387,"column":2}}},"fnMap":{"0":{"name":"getCreatures","decl":{"start":{"line":3,"column":15},"end":{"line":3,"column":27}},"loc":{"start":{"line":3,"column":30},"end":{"line":10,"column":1}},"line":3},"1":{"name":"getCreatureByIndex","decl":{"start":{"line":12,"column":15},"end":{"line":12,"column":33}},"loc":{"start":{"line":12,"column":49},"end":{"line":24,"column":1}},"line":12},"2":{"name":"modifyResponseStandardCreature","decl":{"start":{"line":26,"column":9},"end":{"line":26,"column":39}},"loc":{"start":{"line":26,"column":45},"end":{"line":66,"column":1}},"line":26},"3":{"name":"separateStandardCreatureResponse","decl":{"start":{"line":68,"column":9},"end":{"line":68,"column":41}},"loc":{"start":{"line":68,"column":47},"end":{"line":77,"column":1}},"line":68},"4":{"name":"getCreatureProficiencies","decl":{"start":{"line":79,"column":9},"end":{"line":79,"column":33}},"loc":{"start":{"line":79,"column":50},"end":{"line":87,"column":1}},"line":79},"5":{"name":"(anonymous_5)","decl":{"start":{"line":82,"column":31},"end":{"line":82,"column":32}},"loc":{"start":{"line":82,"column":41},"end":{"line":84,"column":9}},"line":82},"6":{"name":"getCreatureConditionImmunities","decl":{"start":{"line":89,"column":9},"end":{"line":89,"column":39}},"loc":{"start":{"line":89,"column":63},"end":{"line":97,"column":1}},"line":89},"7":{"name":"(anonymous_7)","decl":{"start":{"line":92,"column":38},"end":{"line":92,"column":39}},"loc":{"start":{"line":92,"column":52},"end":{"line":94,"column":9}},"line":92},"8":{"name":"getCreatureSenses","decl":{"start":{"line":99,"column":9},"end":{"line":99,"column":26}},"loc":{"start":{"line":99,"column":36},"end":{"line":107,"column":1}},"line":99},"9":{"name":"getCreatureAbilities","decl":{"start":{"line":109,"column":9},"end":{"line":109,"column":29}},"loc":{"start":{"line":109,"column":50},"end":{"line":117,"column":1}},"line":109},"10":{"name":"(anonymous_10)","decl":{"start":{"line":112,"column":35},"end":{"line":112,"column":36}},"loc":{"start":{"line":112,"column":48},"end":{"line":114,"column":9}},"line":112},"11":{"name":"getCreatureActions","decl":{"start":{"line":119,"column":9},"end":{"line":119,"column":27}},"loc":{"start":{"line":119,"column":38},"end":{"line":128,"column":1}},"line":119},"12":{"name":"(anonymous_12)","decl":{"start":{"line":122,"column":25},"end":{"line":122,"column":26}},"loc":{"start":{"line":122,"column":37},"end":{"line":124,"column":9}},"line":122},"13":{"name":"getCreatureLegendaryActions","decl":{"start":{"line":130,"column":9},"end":{"line":130,"column":36}},"loc":{"start":{"line":130,"column":57},"end":{"line":138,"column":1}},"line":130},"14":{"name":"(anonymous_14)","decl":{"start":{"line":133,"column":35},"end":{"line":133,"column":36}},"loc":{"start":{"line":133,"column":47},"end":{"line":135,"column":9}},"line":133},"15":{"name":"standardCreatureDamage","decl":{"start":{"line":141,"column":9},"end":{"line":141,"column":31}},"loc":{"start":{"line":141,"column":40},"end":{"line":149,"column":1}},"line":141},"16":{"name":"(anonymous_16)","decl":{"start":{"line":144,"column":23},"end":{"line":144,"column":24}},"loc":{"start":{"line":144,"column":32},"end":{"line":146,"column":9}},"line":144},"17":{"name":"removeUnitFromString","decl":{"start":{"line":152,"column":9},"end":{"line":152,"column":29}},"loc":{"start":{"line":152,"column":38},"end":{"line":158,"column":1}},"line":152},"18":{"name":"modifyResponseCreature","decl":{"start":{"line":160,"column":9},"end":{"line":160,"column":31}},"loc":{"start":{"line":160,"column":37},"end":{"line":201,"column":1}},"line":160},"19":{"name":"separateCreatureResponse","decl":{"start":{"line":204,"column":9},"end":{"line":204,"column":33}},"loc":{"start":{"line":204,"column":39},"end":{"line":266,"column":1}},"line":204},"20":{"name":"(anonymous_20)","decl":{"start":{"line":243,"column":22},"end":{"line":243,"column":23}},"loc":{"start":{"line":243,"column":35},"end":{"line":246,"column":5}},"line":243},"21":{"name":"(anonymous_21)","decl":{"start":{"line":251,"column":20},"end":{"line":251,"column":21}},"loc":{"start":{"line":251,"column":32},"end":{"line":254,"column":5}},"line":251},"22":{"name":"(anonymous_22)","decl":{"start":{"line":259,"column":23},"end":{"line":259,"column":24}},"loc":{"start":{"line":259,"column":35},"end":{"line":262,"column":5}},"line":259},"23":{"name":"removeExtraCustomData","decl":{"start":{"line":269,"column":9},"end":{"line":269,"column":30}},"loc":{"start":{"line":269,"column":44},"end":{"line":287,"column":1}},"line":269},"24":{"name":"(anonymous_24)","decl":{"start":{"line":274,"column":29},"end":{"line":274,"column":30}},"loc":{"start":{"line":274,"column":39},"end":{"line":274,"column":66}},"line":274},"25":{"name":"(anonymous_25)","decl":{"start":{"line":281,"column":29},"end":{"line":281,"column":30}},"loc":{"start":{"line":281,"column":39},"end":{"line":281,"column":56}},"line":281},"26":{"name":"getCustomCreatures","decl":{"start":{"line":289,"column":15},"end":{"line":289,"column":33}},"loc":{"start":{"line":289,"column":36},"end":{"line":296,"column":1}},"line":289},"27":{"name":"addCreature","decl":{"start":{"line":300,"column":15},"end":{"line":300,"column":26}},"loc":{"start":{"line":300,"column":36},"end":{"line":307,"column":1}},"line":300},"28":{"name":"(anonymous_28)","decl":{"start":{"line":340,"column":4},"end":{"line":340,"column":5}},"loc":{"start":{"line":340,"column":328},"end":{"line":376,"column":5}},"line":340}},"branchMap":{"0":{"loc":{"start":{"line":14,"column":8},"end":{"line":20,"column":9}},"type":"if","locations":[{"start":{"line":14,"column":8},"end":{"line":20,"column":9}},{"start":{"line":17,"column":15},"end":{"line":20,"column":9}}],"line":14},"1":{"loc":{"start":{"line":81,"column":4},"end":{"line":85,"column":5}},"type":"if","locations":[{"start":{"line":81,"column":4},"end":{"line":85,"column":5}},{"start":{},"end":{}}],"line":81},"2":{"loc":{"start":{"line":91,"column":4},"end":{"line":95,"column":5}},"type":"if","locations":[{"start":{"line":91,"column":4},"end":{"line":95,"column":5}},{"start":{},"end":{}}],"line":91},"3":{"loc":{"start":{"line":101,"column":4},"end":{"line":101,"column":111}},"type":"if","locations":[{"start":{"line":101,"column":4},"end":{"line":101,"column":111}},{"start":{},"end":{}}],"line":101},"4":{"loc":{"start":{"line":102,"column":4},"end":{"line":102,"column":111}},"type":"if","locations":[{"start":{"line":102,"column":4},"end":{"line":102,"column":111}},{"start":{},"end":{}}],"line":102},"5":{"loc":{"start":{"line":103,"column":4},"end":{"line":103,"column":114}},"type":"if","locations":[{"start":{"line":103,"column":4},"end":{"line":103,"column":114}},{"start":{},"end":{}}],"line":103},"6":{"loc":{"start":{"line":104,"column":4},"end":{"line":104,"column":108}},"type":"if","locations":[{"start":{"line":104,"column":4},"end":{"line":104,"column":108}},{"start":{},"end":{}}],"line":104},"7":{"loc":{"start":{"line":105,"column":4},"end":{"line":105,"column":113}},"type":"if","locations":[{"start":{"line":105,"column":4},"end":{"line":105,"column":113}},{"start":{},"end":{}}],"line":105},"8":{"loc":{"start":{"line":111,"column":4},"end":{"line":115,"column":5}},"type":"if","locations":[{"start":{"line":111,"column":4},"end":{"line":115,"column":5}},{"start":{},"end":{}}],"line":111},"9":{"loc":{"start":{"line":121,"column":4},"end":{"line":125,"column":5}},"type":"if","locations":[{"start":{"line":121,"column":4},"end":{"line":125,"column":5}},{"start":{},"end":{}}],"line":121},"10":{"loc":{"start":{"line":132,"column":4},"end":{"line":136,"column":5}},"type":"if","locations":[{"start":{"line":132,"column":4},"end":{"line":136,"column":5}},{"start":{},"end":{}}],"line":132},"11":{"loc":{"start":{"line":143,"column":4},"end":{"line":147,"column":5}},"type":"if","locations":[{"start":{"line":143,"column":4},"end":{"line":147,"column":5}},{"start":{},"end":{}}],"line":143},"12":{"loc":{"start":{"line":154,"column":4},"end":{"line":157,"column":5}},"type":"if","locations":[{"start":{"line":154,"column":4},"end":{"line":157,"column":5}},{"start":{},"end":{}}],"line":154},"13":{"loc":{"start":{"line":224,"column":8},"end":{"line":228,"column":9}},"type":"if","locations":[{"start":{"line":224,"column":8},"end":{"line":228,"column":9}},{"start":{"line":226,"column":15},"end":{"line":228,"column":9}}],"line":224},"14":{"loc":{"start":{"line":226,"column":15},"end":{"line":228,"column":9}},"type":"if","locations":[{"start":{"line":226,"column":15},"end":{"line":228,"column":9}},{"start":{},"end":{}}],"line":226},"15":{"loc":{"start":{"line":271,"column":4},"end":{"line":285,"column":5}},"type":"if","locations":[{"start":{"line":271,"column":4},"end":{"line":285,"column":5}},{"start":{"line":278,"column":11},"end":{"line":285,"column":5}}],"line":271},"16":{"loc":{"start":{"line":274,"column":12},"end":{"line":276,"column":13}},"type":"if","locations":[{"start":{"line":274,"column":12},"end":{"line":276,"column":13}},{"start":{},"end":{}}],"line":274},"17":{"loc":{"start":{"line":281,"column":12},"end":{"line":283,"column":13}},"type":"if","locations":[{"start":{"line":281,"column":12},"end":{"line":283,"column":13}},{"start":{},"end":{}}],"line":281},"18":{"loc":{"start":{"line":379,"column":0},"end":{"line":387,"column":2}},"type":"if","locations":[{"start":{"line":379,"column":0},"end":{"line":387,"column":2}},{"start":{},"end":{}}],"line":379}},"s":{"0":0,"1":0,"2":0,"3":0,"4":0,"5":0,"6":0,"7":0,"8":0,"9":0,"10":0,"11":0,"12":0,"13":0,"14":0,"15":0,"16":0,"17":0,"18":0,"19":0,"20":0,"21":0,"22":0,"23":0,"24":0,"25":0,"26":0,"27":0,"28":0,"29":0,"30":0,"31":0,"32":0,"33":0,"34":0,"35":0,"36":0,"37":0,"38":0,"39":0,"40":0,"41":0,"42":0,"43":0,"44":0,"45":0,"46":0,"47":0,"48":0,"49":1,"50":1,"51":1,"52":1,"53":1,"54":0,"55":0,"56":0,"57":0,"58":0,"59":1,"60":1,"61":1,"62":1,"63":1,"64":0,"65":0,"66":0,"67":0,"68":0,"69":0,"70":0,"71":0,"72":0,"73":0,"74":0,"75":0,"76":0,"77":0,"78":0,"79":0,"80":0,"81":0,"82":0,"83":0,"84":0,"85":0,"86":0,"87":0,"88":0,"89":0,"90":0,"91":0,"92":0,"93":0,"94":0,"95":0,"96":0,"97":0,"98":0,"99":0,"100":0,"101":0,"102":0,"103":0,"104":0,"105":0,"106":0,"107":0,"108":0,"109":0,"110":0,"111":0,"112":0,"113":0,"114":0,"115":0,"116":0,"117":0,"118":2,"119":2,"120":1,"121":1,"122":3,"123":2,"124":2,"125":1,"126":1,"127":3,"128":2,"129":1,"130":2,"131":0,"132":0,"133":0,"134":0,"135":0,"136":0,"137":0,"138":0,"139":0,"140":0,"141":0,"142":0,"143":0,"144":0,"145":0,"146":0,"147":0,"148":0,"149":0,"150":0,"151":0,"152":0,"153":0,"154":0,"155":0,"156":0,"157":0,"158":0,"159":0,"160":0,"161":0,"162":0,"163":0,"164":0,"165":0,"166":0,"167":1,"168":1},"f":{"0":0,"1":0,"2":0,"3":0,"4":0,"5":0,"6":0,"7":0,"8":0,"9":0,"10":0,"11":1,"12":1,"13":0,"14":0,"15":1,"16":1,"17":0,"18":0,"19":0,"20":0,"21":0,"22":0,"23":2,"24":2,"25":2,"26":0,"27":0,"28":0},"b":{"0":[0,0],"1":[0,0],"2":[0,0],"3":[0,0],"4":[0,0],"5":[0,0],"6":[0,0],"7":[0,0],"8":[0,0],"9":[1,0],"10":[0,0],"11":[1,0],"12":[0,0],"13":[0,0],"14":[0,0],"15":[1,1],"16":[2,1],"17":[1,2],"18":[1,0]},"_coverageSchema":"1a1c01bbd47fc00a2c39e90264f33305004495a9","hash":"031a208c3531380ca3f6624db567f63fa820a327"}
}
