{"/Users/bennett/Documents/Apprenticeship/Virtual-Table/src/scripts/creature-stats.js": {"path":"/Users/bennett/Documents/Apprenticeship/Virtual-Table/src/scripts/creature-stats.js","statementMap":{"0":{"start":{"line":1,"column":24},"end":{"line":1,"column":26}},"1":{"start":{"line":6,"column":4},"end":{"line":12,"column":5}},"2":{"start":{"line":7,"column":8},"end":{"line":11,"column":9}},"3":{"start":{"line":8,"column":12},"end":{"line":8,"column":144}},"4":{"start":{"line":8,"column":76},"end":{"line":8,"column":144}},"5":{"start":{"line":9,"column":12},"end":{"line":9,"column":74}},"6":{"start":{"line":10,"column":12},"end":{"line":10,"column":19}},"7":{"start":{"line":13,"column":4},"end":{"line":13,"column":34}},"8":{"start":{"line":15,"column":19},"end":{"line":15,"column":58}},"9":{"start":{"line":17,"column":4},"end":{"line":17,"column":40}},"10":{"start":{"line":20,"column":28},"end":{"line":54,"column":1}},"11":{"start":{"line":20,"column":42},"end":{"line":54,"column":1}},"12":{"start":{"line":57,"column":19},"end":{"line":57,"column":92}},"13":{"start":{"line":58,"column":4},"end":{"line":58,"column":50}},"14":{"start":{"line":59,"column":4},"end":{"line":59,"column":69}},"15":{"start":{"line":61,"column":4},"end":{"line":61,"column":74}},"16":{"start":{"line":64,"column":4},"end":{"line":64,"column":35}},"17":{"start":{"line":65,"column":4},"end":{"line":65,"column":36}},"18":{"start":{"line":66,"column":4},"end":{"line":66,"column":41}},"19":{"start":{"line":67,"column":4},"end":{"line":67,"column":36}},"20":{"start":{"line":68,"column":4},"end":{"line":68,"column":36}},"21":{"start":{"line":69,"column":4},"end":{"line":69,"column":44}},"22":{"start":{"line":70,"column":4},"end":{"line":70,"column":37}},"23":{"start":{"line":71,"column":4},"end":{"line":71,"column":40}},"24":{"start":{"line":74,"column":4},"end":{"line":74,"column":68}},"25":{"start":{"line":81,"column":17},"end":{"line":81,"column":19}},"26":{"start":{"line":82,"column":17},"end":{"line":82,"column":22}},"27":{"start":{"line":83,"column":4},"end":{"line":88,"column":7}},"28":{"start":{"line":84,"column":8},"end":{"line":87,"column":9}},"29":{"start":{"line":85,"column":12},"end":{"line":85,"column":26}},"30":{"start":{"line":86,"column":12},"end":{"line":86,"column":31}},"31":{"start":{"line":89,"column":4},"end":{"line":89,"column":24}},"32":{"start":{"line":89,"column":17},"end":{"line":89,"column":24}},"33":{"start":{"line":91,"column":17},"end":{"line":91,"column":109}},"34":{"start":{"line":92,"column":4},"end":{"line":92,"column":77}},"35":{"start":{"line":93,"column":4},"end":{"line":97,"column":7}},"36":{"start":{"line":94,"column":8},"end":{"line":96,"column":11}},"37":{"start":{"line":101,"column":21},"end":{"line":101,"column":64}},"38":{"start":{"line":102,"column":22},"end":{"line":109,"column":5}},"39":{"start":{"line":111,"column":4},"end":{"line":122,"column":5}},"40":{"start":{"line":111,"column":17},"end":{"line":111,"column":18}},"41":{"start":{"line":112,"column":23},"end":{"line":112,"column":60}},"42":{"start":{"line":113,"column":8},"end":{"line":121,"column":11}},"43":{"start":{"line":126,"column":17},"end":{"line":126,"column":117}},"44":{"start":{"line":127,"column":4},"end":{"line":127,"column":84}},"45":{"start":{"line":128,"column":17},"end":{"line":128,"column":19}},"46":{"start":{"line":129,"column":17},"end":{"line":129,"column":19}},"47":{"start":{"line":131,"column":4},"end":{"line":138,"column":7}},"48":{"start":{"line":132,"column":29},"end":{"line":132,"column":116}},"49":{"start":{"line":133,"column":8},"end":{"line":137,"column":9}},"50":{"start":{"line":134,"column":12},"end":{"line":134,"column":64}},"51":{"start":{"line":136,"column":12},"end":{"line":136,"column":72}},"52":{"start":{"line":139,"column":4},"end":{"line":139,"column":39}},"53":{"start":{"line":140,"column":4},"end":{"line":140,"column":49}},"54":{"start":{"line":142,"column":4},"end":{"line":142,"column":37}},"55":{"start":{"line":142,"column":23},"end":{"line":142,"column":37}},"56":{"start":{"line":144,"column":4},"end":{"line":144,"column":16}},"57":{"start":{"line":145,"column":23},"end":{"line":145,"column":116}},"58":{"start":{"line":146,"column":4},"end":{"line":146,"column":83}},"59":{"start":{"line":147,"column":4},"end":{"line":149,"column":7}},"60":{"start":{"line":148,"column":8},"end":{"line":148,"column":52}},"61":{"start":{"line":150,"column":4},"end":{"line":150,"column":39}},"62":{"start":{"line":151,"column":4},"end":{"line":151,"column":55}},"63":{"start":{"line":153,"column":4},"end":{"line":153,"column":43}},"64":{"start":{"line":153,"column":23},"end":{"line":153,"column":43}},"65":{"start":{"line":158,"column":4},"end":{"line":168,"column":5}},"66":{"start":{"line":159,"column":21},"end":{"line":159,"column":115}},"67":{"start":{"line":160,"column":8},"end":{"line":160,"column":90}},"68":{"start":{"line":161,"column":21},"end":{"line":161,"column":23}},"69":{"start":{"line":163,"column":8},"end":{"line":165,"column":11}},"70":{"start":{"line":164,"column":12},"end":{"line":164,"column":34}},"71":{"start":{"line":166,"column":8},"end":{"line":166,"column":43}},"72":{"start":{"line":167,"column":8},"end":{"line":167,"column":53}},"73":{"start":{"line":171,"column":4},"end":{"line":181,"column":5}},"74":{"start":{"line":172,"column":21},"end":{"line":172,"column":115}},"75":{"start":{"line":173,"column":8},"end":{"line":173,"column":86}},"76":{"start":{"line":174,"column":21},"end":{"line":174,"column":23}},"77":{"start":{"line":176,"column":8},"end":{"line":178,"column":11}},"78":{"start":{"line":177,"column":12},"end":{"line":177,"column":34}},"79":{"start":{"line":179,"column":8},"end":{"line":179,"column":43}},"80":{"start":{"line":180,"column":8},"end":{"line":180,"column":53}},"81":{"start":{"line":184,"column":4},"end":{"line":194,"column":5}},"82":{"start":{"line":185,"column":21},"end":{"line":185,"column":115}},"83":{"start":{"line":186,"column":8},"end":{"line":186,"column":92}},"84":{"start":{"line":187,"column":21},"end":{"line":187,"column":23}},"85":{"start":{"line":189,"column":8},"end":{"line":191,"column":11}},"86":{"start":{"line":190,"column":12},"end":{"line":190,"column":34}},"87":{"start":{"line":192,"column":8},"end":{"line":192,"column":43}},"88":{"start":{"line":193,"column":8},"end":{"line":193,"column":53}},"89":{"start":{"line":197,"column":4},"end":{"line":207,"column":5}},"90":{"start":{"line":198,"column":21},"end":{"line":198,"column":115}},"91":{"start":{"line":199,"column":8},"end":{"line":199,"column":95}},"92":{"start":{"line":200,"column":21},"end":{"line":200,"column":23}},"93":{"start":{"line":202,"column":8},"end":{"line":204,"column":11}},"94":{"start":{"line":203,"column":12},"end":{"line":203,"column":34}},"95":{"start":{"line":205,"column":8},"end":{"line":205,"column":43}},"96":{"start":{"line":206,"column":8},"end":{"line":206,"column":53}},"97":{"start":{"line":211,"column":4},"end":{"line":211,"column":45}},"98":{"start":{"line":211,"column":38},"end":{"line":211,"column":45}},"99":{"start":{"line":212,"column":17},"end":{"line":212,"column":110}},"100":{"start":{"line":213,"column":4},"end":{"line":213,"column":77}},"101":{"start":{"line":214,"column":17},"end":{"line":214,"column":19}},"102":{"start":{"line":216,"column":4},"end":{"line":222,"column":7}},"103":{"start":{"line":217,"column":8},"end":{"line":221,"column":9}},"104":{"start":{"line":218,"column":12},"end":{"line":218,"column":55}},"105":{"start":{"line":220,"column":12},"end":{"line":220,"column":59}},"106":{"start":{"line":223,"column":4},"end":{"line":223,"column":39}},"107":{"start":{"line":224,"column":4},"end":{"line":224,"column":49}},"108":{"start":{"line":228,"column":4},"end":{"line":234,"column":7}},"109":{"start":{"line":229,"column":8},"end":{"line":233,"column":11}},"110":{"start":{"line":238,"column":12},"end":{"line":238,"column":13}},"111":{"start":{"line":239,"column":4},"end":{"line":248,"column":7}},"112":{"start":{"line":240,"column":8},"end":{"line":246,"column":11}},"113":{"start":{"line":247,"column":8},"end":{"line":247,"column":12}},"114":{"start":{"line":250,"column":4},"end":{"line":250,"column":10}},"115":{"start":{"line":251,"column":4},"end":{"line":259,"column":7}},"116":{"start":{"line":252,"column":22},"end":{"line":252,"column":86}},"117":{"start":{"line":253,"column":8},"end":{"line":253,"column":56}},"118":{"start":{"line":255,"column":8},"end":{"line":257,"column":11}},"119":{"start":{"line":256,"column":12},"end":{"line":256,"column":139}},"120":{"start":{"line":258,"column":8},"end":{"line":258,"column":12}},"121":{"start":{"line":263,"column":12},"end":{"line":263,"column":13}},"122":{"start":{"line":264,"column":4},"end":{"line":273,"column":7}},"123":{"start":{"line":265,"column":8},"end":{"line":271,"column":11}},"124":{"start":{"line":272,"column":8},"end":{"line":272,"column":12}},"125":{"start":{"line":275,"column":4},"end":{"line":275,"column":10}},"126":{"start":{"line":276,"column":4},"end":{"line":286,"column":7}},"127":{"start":{"line":277,"column":22},"end":{"line":277,"column":86}},"128":{"start":{"line":278,"column":8},"end":{"line":278,"column":66}},"129":{"start":{"line":280,"column":8},"end":{"line":284,"column":11}},"130":{"start":{"line":281,"column":12},"end":{"line":283,"column":13}},"131":{"start":{"line":282,"column":16},"end":{"line":282,"column":143}},"132":{"start":{"line":285,"column":8},"end":{"line":285,"column":12}},"133":{"start":{"line":292,"column":4},"end":{"line":298,"column":7}},"134":{"start":{"line":293,"column":8},"end":{"line":297,"column":9}},"135":{"start":{"line":294,"column":12},"end":{"line":294,"column":80}},"136":{"start":{"line":295,"column":12},"end":{"line":295,"column":74}},"137":{"start":{"line":296,"column":12},"end":{"line":296,"column":19}},"138":{"start":{"line":303,"column":17},"end":{"line":303,"column":24}},"139":{"start":{"line":304,"column":16},"end":{"line":304,"column":18}},"140":{"start":{"line":305,"column":16},"end":{"line":305,"column":18}},"141":{"start":{"line":308,"column":4},"end":{"line":311,"column":5}},"142":{"start":{"line":309,"column":8},"end":{"line":309,"column":53}},"143":{"start":{"line":310,"column":8},"end":{"line":310,"column":60}},"144":{"start":{"line":313,"column":4},"end":{"line":315,"column":5}},"145":{"start":{"line":314,"column":8},"end":{"line":314,"column":39}},"146":{"start":{"line":318,"column":4},"end":{"line":321,"column":5}},"147":{"start":{"line":319,"column":8},"end":{"line":319,"column":57}},"148":{"start":{"line":320,"column":8},"end":{"line":320,"column":60}},"149":{"start":{"line":322,"column":4},"end":{"line":322,"column":54}},"150":{"start":{"line":327,"column":39},"end":{"line":327,"column":53}},"151":{"start":{"line":328,"column":4},"end":{"line":328,"column":38}},"152":{"start":{"line":333,"column":17},"end":{"line":333,"column":47}},"153":{"start":{"line":334,"column":18},"end":{"line":334,"column":41}},"154":{"start":{"line":336,"column":4},"end":{"line":342,"column":5}},"155":{"start":{"line":337,"column":21},"end":{"line":337,"column":41}},"156":{"start":{"line":338,"column":8},"end":{"line":338,"column":34}},"157":{"start":{"line":339,"column":11},"end":{"line":342,"column":5}},"158":{"start":{"line":340,"column":21},"end":{"line":340,"column":42}},"159":{"start":{"line":341,"column":8},"end":{"line":341,"column":34}},"160":{"start":{"line":343,"column":4},"end":{"line":343,"column":16}},"161":{"start":{"line":347,"column":0},"end":{"line":350,"column":2}},"162":{"start":{"line":347,"column":35},"end":{"line":350,"column":2}}},"fnMap":{"0":{"name":"openCreatureStatsWindow","decl":{"start":{"line":3,"column":15},"end":{"line":3,"column":38}},"loc":{"start":{"line":3,"column":54},"end":{"line":18,"column":1}},"line":3},"1":{"name":"(anonymous_1)","decl":{"start":{"line":20,"column":28},"end":{"line":20,"column":29}},"loc":{"start":{"line":20,"column":42},"end":{"line":54,"column":1}},"line":20},"2":{"name":"renderCreatureStatsWindow","decl":{"start":{"line":56,"column":9},"end":{"line":56,"column":34}},"loc":{"start":{"line":56,"column":45},"end":{"line":75,"column":1}},"line":56},"3":{"name":"getCreatureSpeedData","decl":{"start":{"line":80,"column":9},"end":{"line":80,"column":29}},"loc":{"start":{"line":80,"column":40},"end":{"line":98,"column":1}},"line":80},"4":{"name":"(anonymous_4)","decl":{"start":{"line":83,"column":28},"end":{"line":83,"column":29}},"loc":{"start":{"line":83,"column":39},"end":{"line":88,"column":5}},"line":83},"5":{"name":"(anonymous_5)","decl":{"start":{"line":93,"column":19},"end":{"line":93,"column":20}},"loc":{"start":{"line":93,"column":30},"end":{"line":97,"column":5}},"line":93},"6":{"name":"getCreatureScoresData","decl":{"start":{"line":100,"column":9},"end":{"line":100,"column":30}},"loc":{"start":{"line":100,"column":41},"end":{"line":123,"column":1}},"line":100},"7":{"name":"getCreatureProficiencyData","decl":{"start":{"line":125,"column":9},"end":{"line":125,"column":35}},"loc":{"start":{"line":125,"column":46},"end":{"line":154,"column":1}},"line":125},"8":{"name":"(anonymous_8)","decl":{"start":{"line":131,"column":35},"end":{"line":131,"column":36}},"loc":{"start":{"line":131,"column":52},"end":{"line":138,"column":5}},"line":131},"9":{"name":"(anonymous_9)","decl":{"start":{"line":147,"column":19},"end":{"line":147,"column":20}},"loc":{"start":{"line":147,"column":30},"end":{"line":149,"column":5}},"line":147},"10":{"name":"getCreatureVulResData","decl":{"start":{"line":156,"column":9},"end":{"line":156,"column":30}},"loc":{"start":{"line":156,"column":41},"end":{"line":208,"column":1}},"line":156},"11":{"name":"(anonymous_11)","decl":{"start":{"line":163,"column":41},"end":{"line":163,"column":42}},"loc":{"start":{"line":163,"column":51},"end":{"line":165,"column":9}},"line":163},"12":{"name":"(anonymous_12)","decl":{"start":{"line":176,"column":37},"end":{"line":176,"column":38}},"loc":{"start":{"line":176,"column":47},"end":{"line":178,"column":9}},"line":176},"13":{"name":"(anonymous_13)","decl":{"start":{"line":189,"column":42},"end":{"line":189,"column":43}},"loc":{"start":{"line":189,"column":52},"end":{"line":191,"column":9}},"line":189},"14":{"name":"(anonymous_14)","decl":{"start":{"line":202,"column":45},"end":{"line":202,"column":46}},"loc":{"start":{"line":202,"column":55},"end":{"line":204,"column":9}},"line":202},"15":{"name":"getCreatureSensesData","decl":{"start":{"line":210,"column":9},"end":{"line":210,"column":30}},"loc":{"start":{"line":210,"column":41},"end":{"line":225,"column":1}},"line":210},"16":{"name":"(anonymous_16)","decl":{"start":{"line":216,"column":28},"end":{"line":216,"column":29}},"loc":{"start":{"line":216,"column":39},"end":{"line":222,"column":5}},"line":216},"17":{"name":"getCreatureSpecialAbilityData","decl":{"start":{"line":227,"column":9},"end":{"line":227,"column":38}},"loc":{"start":{"line":227,"column":49},"end":{"line":235,"column":1}},"line":227},"18":{"name":"(anonymous_18)","decl":{"start":{"line":228,"column":31},"end":{"line":228,"column":32}},"loc":{"start":{"line":228,"column":44},"end":{"line":234,"column":5}},"line":228},"19":{"name":"getCreatureActionsData","decl":{"start":{"line":237,"column":9},"end":{"line":237,"column":31}},"loc":{"start":{"line":237,"column":42},"end":{"line":260,"column":1}},"line":237},"20":{"name":"(anonymous_20)","decl":{"start":{"line":239,"column":29},"end":{"line":239,"column":30}},"loc":{"start":{"line":239,"column":41},"end":{"line":248,"column":5}},"line":239},"21":{"name":"(anonymous_21)","decl":{"start":{"line":251,"column":29},"end":{"line":251,"column":30}},"loc":{"start":{"line":251,"column":41},"end":{"line":259,"column":5}},"line":251},"22":{"name":"(anonymous_22)","decl":{"start":{"line":255,"column":30},"end":{"line":255,"column":31}},"loc":{"start":{"line":255,"column":39},"end":{"line":257,"column":9}},"line":255},"23":{"name":"getCreatureLegActionsData","decl":{"start":{"line":262,"column":9},"end":{"line":262,"column":34}},"loc":{"start":{"line":262,"column":45},"end":{"line":287,"column":1}},"line":262},"24":{"name":"(anonymous_24)","decl":{"start":{"line":264,"column":32},"end":{"line":264,"column":33}},"loc":{"start":{"line":264,"column":44},"end":{"line":273,"column":5}},"line":264},"25":{"name":"(anonymous_25)","decl":{"start":{"line":276,"column":32},"end":{"line":276,"column":33}},"loc":{"start":{"line":276,"column":44},"end":{"line":286,"column":5}},"line":276},"26":{"name":"(anonymous_26)","decl":{"start":{"line":280,"column":30},"end":{"line":280,"column":31}},"loc":{"start":{"line":280,"column":39},"end":{"line":284,"column":9}},"line":280},"27":{"name":"removeCreatureStatsWindow","decl":{"start":{"line":291,"column":9},"end":{"line":291,"column":34}},"loc":{"start":{"line":291,"column":42},"end":{"line":299,"column":1}},"line":291},"28":{"name":"(anonymous_28)","decl":{"start":{"line":292,"column":30},"end":{"line":292,"column":31}},"loc":{"start":{"line":292,"column":44},"end":{"line":298,"column":5}},"line":292},"29":{"name":"getActionDesc","decl":{"start":{"line":302,"column":9},"end":{"line":302,"column":22}},"loc":{"start":{"line":302,"column":32},"end":{"line":323,"column":1}},"line":302},"30":{"name":"separateDmgRoll","decl":{"start":{"line":326,"column":9},"end":{"line":326,"column":24}},"loc":{"start":{"line":326,"column":30},"end":{"line":329,"column":1}},"line":326},"31":{"name":"separateProf","decl":{"start":{"line":332,"column":9},"end":{"line":332,"column":21}},"loc":{"start":{"line":332,"column":43},"end":{"line":344,"column":1}},"line":332}},"branchMap":{"0":{"loc":{"start":{"line":7,"column":8},"end":{"line":11,"column":9}},"type":"if","locations":[{"start":{"line":7,"column":8},"end":{"line":11,"column":9}},{"start":{},"end":{}}],"line":7},"1":{"loc":{"start":{"line":8,"column":12},"end":{"line":8,"column":144}},"type":"if","locations":[{"start":{"line":8,"column":12},"end":{"line":8,"column":144}},{"start":{},"end":{}}],"line":8},"2":{"loc":{"start":{"line":25,"column":17},"end":{"line":25,"column":56}},"type":"cond-expr","locations":[{"start":{"line":25,"column":33},"end":{"line":25,"column":51}},{"start":{"line":25,"column":54},"end":{"line":25,"column":56}}],"line":25},"3":{"loc":{"start":{"line":25,"column":59},"end":{"line":25,"column":99}},"type":"cond-expr","locations":[{"start":{"line":25,"column":75},"end":{"line":25,"column":94}},{"start":{"line":25,"column":97},"end":{"line":25,"column":99}}],"line":25},"4":{"loc":{"start":{"line":25,"column":102},"end":{"line":25,"column":152}},"type":"cond-expr","locations":[{"start":{"line":25,"column":123},"end":{"line":25,"column":148}},{"start":{"line":25,"column":150},"end":{"line":25,"column":152}}],"line":25},"5":{"loc":{"start":{"line":29,"column":73},"end":{"line":29,"column":122}},"type":"cond-expr","locations":[{"start":{"line":29,"column":93},"end":{"line":29,"column":117}},{"start":{"line":29,"column":120},"end":{"line":29,"column":122}}],"line":29},"6":{"loc":{"start":{"line":38,"column":18},"end":{"line":38,"column":110}},"type":"cond-expr","locations":[{"start":{"line":38,"column":39},"end":{"line":38,"column":105}},{"start":{"line":38,"column":108},"end":{"line":38,"column":110}}],"line":38},"7":{"loc":{"start":{"line":41,"column":57},"end":{"line":41,"column":88}},"type":"cond-expr","locations":[{"start":{"line":41,"column":71},"end":{"line":41,"column":82}},{"start":{"line":41,"column":85},"end":{"line":41,"column":88}}],"line":41},"8":{"loc":{"start":{"line":41,"column":93},"end":{"line":41,"column":122}},"type":"cond-expr","locations":[{"start":{"line":41,"column":107},"end":{"line":41,"column":118}},{"start":{"line":41,"column":121},"end":{"line":41,"column":122}}],"line":41},"9":{"loc":{"start":{"line":45,"column":10},"end":{"line":48,"column":20}},"type":"cond-expr","locations":[{"start":{"line":45,"column":40},"end":{"line":48,"column":15}},{"start":{"line":48,"column":18},"end":{"line":48,"column":20}}],"line":45},"10":{"loc":{"start":{"line":49,"column":10},"end":{"line":52,"column":20}},"type":"cond-expr","locations":[{"start":{"line":49,"column":43},"end":{"line":52,"column":15}},{"start":{"line":52,"column":18},"end":{"line":52,"column":20}}],"line":49},"11":{"loc":{"start":{"line":84,"column":8},"end":{"line":87,"column":9}},"type":"if","locations":[{"start":{"line":84,"column":8},"end":{"line":87,"column":9}},{"start":{},"end":{}}],"line":84},"12":{"loc":{"start":{"line":89,"column":4},"end":{"line":89,"column":24}},"type":"if","locations":[{"start":{"line":89,"column":4},"end":{"line":89,"column":24}},{"start":{},"end":{}}],"line":89},"13":{"loc":{"start":{"line":116,"column":21},"end":{"line":116,"column":44}},"type":"cond-expr","locations":[{"start":{"line":116,"column":36},"end":{"line":116,"column":38}},{"start":{"line":116,"column":41},"end":{"line":116,"column":44}}],"line":116},"14":{"loc":{"start":{"line":133,"column":8},"end":{"line":137,"column":9}},"type":"if","locations":[{"start":{"line":133,"column":8},"end":{"line":137,"column":9}},{"start":{"line":135,"column":15},"end":{"line":137,"column":9}}],"line":133},"15":{"loc":{"start":{"line":142,"column":4},"end":{"line":142,"column":37}},"type":"if","locations":[{"start":{"line":142,"column":4},"end":{"line":142,"column":37}},{"start":{},"end":{}}],"line":142},"16":{"loc":{"start":{"line":153,"column":4},"end":{"line":153,"column":43}},"type":"if","locations":[{"start":{"line":153,"column":4},"end":{"line":153,"column":43}},{"start":{},"end":{}}],"line":153},"17":{"loc":{"start":{"line":158,"column":4},"end":{"line":168,"column":5}},"type":"if","locations":[{"start":{"line":158,"column":4},"end":{"line":168,"column":5}},{"start":{},"end":{}}],"line":158},"18":{"loc":{"start":{"line":171,"column":4},"end":{"line":181,"column":5}},"type":"if","locations":[{"start":{"line":171,"column":4},"end":{"line":181,"column":5}},{"start":{},"end":{}}],"line":171},"19":{"loc":{"start":{"line":184,"column":4},"end":{"line":194,"column":5}},"type":"if","locations":[{"start":{"line":184,"column":4},"end":{"line":194,"column":5}},{"start":{},"end":{}}],"line":184},"20":{"loc":{"start":{"line":197,"column":4},"end":{"line":207,"column":5}},"type":"if","locations":[{"start":{"line":197,"column":4},"end":{"line":207,"column":5}},{"start":{},"end":{}}],"line":197},"21":{"loc":{"start":{"line":211,"column":4},"end":{"line":211,"column":45}},"type":"if","locations":[{"start":{"line":211,"column":4},"end":{"line":211,"column":45}},{"start":{},"end":{}}],"line":211},"22":{"loc":{"start":{"line":217,"column":8},"end":{"line":221,"column":9}},"type":"if","locations":[{"start":{"line":217,"column":8},"end":{"line":221,"column":9}},{"start":{"line":219,"column":15},"end":{"line":221,"column":9}}],"line":217},"23":{"loc":{"start":{"line":217,"column":12},"end":{"line":217,"column":76}},"type":"binary-expr","locations":[{"start":{"line":217,"column":12},"end":{"line":217,"column":42}},{"start":{"line":217,"column":46},"end":{"line":217,"column":76}}],"line":217},"24":{"loc":{"start":{"line":243,"column":18},"end":{"line":243,"column":155}},"type":"cond-expr","locations":[{"start":{"line":243,"column":40},"end":{"line":243,"column":150}},{"start":{"line":243,"column":153},"end":{"line":243,"column":155}}],"line":243},"25":{"loc":{"start":{"line":268,"column":18},"end":{"line":268,"column":155}},"type":"cond-expr","locations":[{"start":{"line":268,"column":40},"end":{"line":268,"column":150}},{"start":{"line":268,"column":153},"end":{"line":268,"column":155}}],"line":268},"26":{"loc":{"start":{"line":281,"column":12},"end":{"line":283,"column":13}},"type":"if","locations":[{"start":{"line":281,"column":12},"end":{"line":283,"column":13}},{"start":{},"end":{}}],"line":281},"27":{"loc":{"start":{"line":293,"column":8},"end":{"line":297,"column":9}},"type":"if","locations":[{"start":{"line":293,"column":8},"end":{"line":297,"column":9}},{"start":{},"end":{}}],"line":293},"28":{"loc":{"start":{"line":336,"column":4},"end":{"line":342,"column":5}},"type":"if","locations":[{"start":{"line":336,"column":4},"end":{"line":342,"column":5}},{"start":{"line":339,"column":11},"end":{"line":342,"column":5}}],"line":336},"29":{"loc":{"start":{"line":339,"column":11},"end":{"line":342,"column":5}},"type":"if","locations":[{"start":{"line":339,"column":11},"end":{"line":342,"column":5}},{"start":{},"end":{}}],"line":339},"30":{"loc":{"start":{"line":347,"column":0},"end":{"line":350,"column":2}},"type":"if","locations":[{"start":{"line":347,"column":0},"end":{"line":350,"column":2}},{"start":{},"end":{}}],"line":347}},"s":{"0":1,"1":0,"2":0,"3":0,"4":0,"5":0,"6":0,"7":0,"8":0,"9":0,"10":1,"11":0,"12":0,"13":0,"14":0,"15":0,"16":0,"17":0,"18":0,"19":0,"20":0,"21":0,"22":0,"23":0,"24":0,"25":0,"26":0,"27":0,"28":0,"29":0,"30":0,"31":0,"32":0,"33":0,"34":0,"35":0,"36":0,"37":0,"38":0,"39":0,"40":0,"41":0,"42":0,"43":0,"44":0,"45":0,"46":0,"47":0,"48":0,"49":0,"50":0,"51":0,"52":0,"53":0,"54":0,"55":0,"56":0,"57":0,"58":0,"59":0,"60":0,"61":0,"62":0,"63":0,"64":0,"65":0,"66":0,"67":0,"68":0,"69":0,"70":0,"71":0,"72":0,"73":0,"74":0,"75":0,"76":0,"77":0,"78":0,"79":0,"80":0,"81":0,"82":0,"83":0,"84":0,"85":0,"86":0,"87":0,"88":0,"89":0,"90":0,"91":0,"92":0,"93":0,"94":0,"95":0,"96":0,"97":0,"98":0,"99":0,"100":0,"101":0,"102":0,"103":0,"104":0,"105":0,"106":0,"107":0,"108":0,"109":0,"110":0,"111":0,"112":0,"113":0,"114":0,"115":0,"116":0,"117":0,"118":0,"119":0,"120":0,"121":0,"122":0,"123":0,"124":0,"125":0,"126":0,"127":0,"128":0,"129":0,"130":0,"131":0,"132":0,"133":0,"134":0,"135":0,"136":0,"137":0,"138":3,"139":3,"140":3,"141":3,"142":2,"143":2,"144":3,"145":2,"146":3,"147":2,"148":2,"149":3,"150":1,"151":1,"152":0,"153":0,"154":0,"155":0,"156":0,"157":0,"158":0,"159":0,"160":0,"161":1,"162":1},"f":{"0":0,"1":0,"2":0,"3":0,"4":0,"5":0,"6":0,"7":0,"8":0,"9":0,"10":0,"11":0,"12":0,"13":0,"14":0,"15":0,"16":0,"17":0,"18":0,"19":0,"20":0,"21":0,"22":0,"23":0,"24":0,"25":0,"26":0,"27":0,"28":0,"29":3,"30":1,"31":0},"b":{"0":[0,0],"1":[0,0],"2":[0,0],"3":[0,0],"4":[0,0],"5":[0,0],"6":[0,0],"7":[0,0],"8":[0,0],"9":[0,0],"10":[0,0],"11":[0,0],"12":[0,0],"13":[0,0],"14":[0,0],"15":[0,0],"16":[0,0],"17":[0,0],"18":[0,0],"19":[0,0],"20":[0,0],"21":[0,0],"22":[0,0],"23":[0,0],"24":[0,0],"25":[0,0],"26":[0,0],"27":[0,0],"28":[0,0],"29":[0,0],"30":[1,0]},"_coverageSchema":"1a1c01bbd47fc00a2c39e90264f33305004495a9","hash":"41236a58913d20d229dcf695e30b44c2bd3a25d5"}
,"/Users/bennett/Documents/Apprenticeship/Virtual-Table/src/scripts/utils.js": {"path":"/Users/bennett/Documents/Apprenticeship/Virtual-Table/src/scripts/utils.js","statementMap":{"0":{"start":{"line":1,"column":15},"end":{"line":1,"column":20}},"1":{"start":{"line":5,"column":14},"end":{"line":5,"column":66}},"2":{"start":{"line":5,"column":33},"end":{"line":5,"column":66}},"3":{"start":{"line":9,"column":4},"end":{"line":13,"column":5}},"4":{"start":{"line":10,"column":8},"end":{"line":12,"column":9}},"5":{"start":{"line":11,"column":12},"end":{"line":11,"column":24}},"6":{"start":{"line":17,"column":4},"end":{"line":38,"column":5}},"7":{"start":{"line":19,"column":8},"end":{"line":19,"column":49}},"8":{"start":{"line":20,"column":8},"end":{"line":20,"column":25}},"9":{"start":{"line":23,"column":8},"end":{"line":23,"column":49}},"10":{"start":{"line":24,"column":8},"end":{"line":24,"column":25}},"11":{"start":{"line":26,"column":8},"end":{"line":37,"column":9}},"12":{"start":{"line":28,"column":16},"end":{"line":28,"column":34}},"13":{"start":{"line":29,"column":16},"end":{"line":29,"column":22}},"14":{"start":{"line":31,"column":16},"end":{"line":31,"column":32}},"15":{"start":{"line":32,"column":16},"end":{"line":32,"column":22}},"16":{"start":{"line":34,"column":16},"end":{"line":34,"column":38}},"17":{"start":{"line":36,"column":16},"end":{"line":36,"column":22}},"18":{"start":{"line":42,"column":15},"end":{"line":42,"column":30}},"19":{"start":{"line":43,"column":4},"end":{"line":43,"column":67}},"20":{"start":{"line":47,"column":15},"end":{"line":47,"column":16}},"21":{"start":{"line":47,"column":25},"end":{"line":47,"column":26}},"22":{"start":{"line":47,"column":35},"end":{"line":47,"column":36}},"23":{"start":{"line":47,"column":45},"end":{"line":47,"column":46}},"24":{"start":{"line":48,"column":4},"end":{"line":54,"column":5}},"25":{"start":{"line":50,"column":6},"end":{"line":50,"column":83}},"26":{"start":{"line":53,"column":6},"end":{"line":53,"column":40}},"27":{"start":{"line":57,"column":6},"end":{"line":57,"column":28}},"28":{"start":{"line":58,"column":6},"end":{"line":58,"column":25}},"29":{"start":{"line":60,"column":6},"end":{"line":60,"column":23}},"30":{"start":{"line":61,"column":6},"end":{"line":61,"column":23}},"31":{"start":{"line":62,"column":6},"end":{"line":62,"column":44}},"32":{"start":{"line":64,"column":6},"end":{"line":64,"column":41}},"33":{"start":{"line":68,"column":6},"end":{"line":68,"column":28}},"34":{"start":{"line":69,"column":6},"end":{"line":69,"column":25}},"35":{"start":{"line":71,"column":6},"end":{"line":71,"column":30}},"36":{"start":{"line":72,"column":6},"end":{"line":72,"column":30}},"37":{"start":{"line":73,"column":6},"end":{"line":73,"column":23}},"38":{"start":{"line":74,"column":6},"end":{"line":74,"column":23}},"39":{"start":{"line":76,"column":6},"end":{"line":76,"column":56}},"40":{"start":{"line":77,"column":6},"end":{"line":77,"column":58}},"41":{"start":{"line":82,"column":6},"end":{"line":82,"column":32}},"42":{"start":{"line":83,"column":6},"end":{"line":83,"column":34}},"43":{"start":{"line":89,"column":4},"end":{"line":89,"column":51}},"44":{"start":{"line":94,"column":4},"end":{"line":97,"column":5}},"45":{"start":{"line":95,"column":8},"end":{"line":95,"column":75}},"46":{"start":{"line":95,"column":50},"end":{"line":95,"column":71}},"47":{"start":{"line":96,"column":8},"end":{"line":96,"column":75}},"48":{"start":{"line":96,"column":51},"end":{"line":96,"column":71}},"49":{"start":{"line":100,"column":0},"end":{"line":102,"column":2}},"50":{"start":{"line":100,"column":35},"end":{"line":102,"column":2}}},"fnMap":{"0":{"name":"(anonymous_0)","decl":{"start":{"line":5,"column":14},"end":{"line":5,"column":15}},"loc":{"start":{"line":5,"column":33},"end":{"line":5,"column":66}},"line":5},"1":{"name":"findCell","decl":{"start":{"line":8,"column":9},"end":{"line":8,"column":17}},"loc":{"start":{"line":8,"column":24},"end":{"line":14,"column":1}},"line":8},"2":{"name":"closeMenu","decl":{"start":{"line":16,"column":9},"end":{"line":16,"column":18}},"loc":{"start":{"line":16,"column":29},"end":{"line":39,"column":1}},"line":16},"3":{"name":"changeRoute","decl":{"start":{"line":41,"column":9},"end":{"line":41,"column":20}},"loc":{"start":{"line":41,"column":28},"end":{"line":44,"column":1}},"line":41},"4":{"name":"dragElement","decl":{"start":{"line":46,"column":9},"end":{"line":46,"column":20}},"loc":{"start":{"line":46,"column":40},"end":{"line":85,"column":1}},"line":46},"5":{"name":"dragMouseDown","decl":{"start":{"line":56,"column":13},"end":{"line":56,"column":26}},"loc":{"start":{"line":56,"column":30},"end":{"line":65,"column":5}},"line":56},"6":{"name":"elementDrag","decl":{"start":{"line":67,"column":13},"end":{"line":67,"column":24}},"loc":{"start":{"line":67,"column":28},"end":{"line":78,"column":5}},"line":67},"7":{"name":"closeDragElement","decl":{"start":{"line":80,"column":13},"end":{"line":80,"column":29}},"loc":{"start":{"line":80,"column":32},"end":{"line":84,"column":5}},"line":80},"8":{"name":"indexConverter","decl":{"start":{"line":88,"column":9},"end":{"line":88,"column":23}},"loc":{"start":{"line":88,"column":30},"end":{"line":90,"column":1}},"line":88},"9":{"name":"disableHotkeys","decl":{"start":{"line":92,"column":9},"end":{"line":92,"column":23}},"loc":{"start":{"line":92,"column":26},"end":{"line":98,"column":1}},"line":92},"10":{"name":"(anonymous_10)","decl":{"start":{"line":95,"column":42},"end":{"line":95,"column":43}},"loc":{"start":{"line":95,"column":48},"end":{"line":95,"column":73}},"line":95},"11":{"name":"(anonymous_11)","decl":{"start":{"line":96,"column":43},"end":{"line":96,"column":44}},"loc":{"start":{"line":96,"column":49},"end":{"line":96,"column":73}},"line":96}},"branchMap":{"0":{"loc":{"start":{"line":10,"column":8},"end":{"line":12,"column":9}},"type":"if","locations":[{"start":{"line":10,"column":8},"end":{"line":12,"column":9}},{"start":{},"end":{}}],"line":10},"1":{"loc":{"start":{"line":10,"column":12},"end":{"line":10,"column":94}},"type":"binary-expr","locations":[{"start":{"line":10,"column":12},"end":{"line":10,"column":51}},{"start":{"line":10,"column":55},"end":{"line":10,"column":94}}],"line":10},"2":{"loc":{"start":{"line":17,"column":4},"end":{"line":38,"column":5}},"type":"if","locations":[{"start":{"line":17,"column":4},"end":{"line":38,"column":5}},{"start":{"line":21,"column":11},"end":{"line":38,"column":5}}],"line":17},"3":{"loc":{"start":{"line":26,"column":8},"end":{"line":37,"column":9}},"type":"switch","locations":[{"start":{"line":27,"column":12},"end":{"line":29,"column":22}},{"start":{"line":30,"column":12},"end":{"line":32,"column":22}},{"start":{"line":33,"column":12},"end":{"line":34,"column":38}},{"start":{"line":35,"column":12},"end":{"line":36,"column":22}}],"line":26},"4":{"loc":{"start":{"line":48,"column":4},"end":{"line":54,"column":5}},"type":"if","locations":[{"start":{"line":48,"column":4},"end":{"line":54,"column":5}},{"start":{"line":51,"column":11},"end":{"line":54,"column":5}}],"line":48},"5":{"loc":{"start":{"line":57,"column":10},"end":{"line":57,"column":27}},"type":"binary-expr","locations":[{"start":{"line":57,"column":10},"end":{"line":57,"column":11}},{"start":{"line":57,"column":15},"end":{"line":57,"column":27}}],"line":57},"6":{"loc":{"start":{"line":68,"column":10},"end":{"line":68,"column":27}},"type":"binary-expr","locations":[{"start":{"line":68,"column":10},"end":{"line":68,"column":11}},{"start":{"line":68,"column":15},"end":{"line":68,"column":27}}],"line":68},"7":{"loc":{"start":{"line":100,"column":0},"end":{"line":102,"column":2}},"type":"if","locations":[{"start":{"line":100,"column":0},"end":{"line":102,"column":2}},{"start":{},"end":{}}],"line":100}},"s":{"0":1,"1":1,"2":0,"3":0,"4":0,"5":0,"6":0,"7":0,"8":0,"9":0,"10":0,"11":0,"12":0,"13":0,"14":0,"15":0,"16":0,"17":0,"18":0,"19":0,"20":0,"21":0,"22":0,"23":0,"24":0,"25":0,"26":0,"27":0,"28":0,"29":0,"30":0,"31":0,"32":0,"33":0,"34":0,"35":0,"36":0,"37":0,"38":0,"39":0,"40":0,"41":0,"42":0,"43":1,"44":0,"45":0,"46":0,"47":0,"48":0,"49":1,"50":1},"f":{"0":0,"1":0,"2":0,"3":0,"4":0,"5":0,"6":0,"7":0,"8":1,"9":0,"10":0,"11":0},"b":{"0":[0,0],"1":[0,0],"2":[0,0],"3":[0,0,0,0],"4":[0,0],"5":[0,0],"6":[0,0],"7":[1,0]},"_coverageSchema":"1a1c01bbd47fc00a2c39e90264f33305004495a9","hash":"7f308720f28da6e095a149ebaf53edb6a9b672c9"}
,"/Users/bennett/Documents/Apprenticeship/Virtual-Table/src/scripts/routes/creatures.route.js": {"path":"/Users/bennett/Documents/Apprenticeship/Virtual-Table/src/scripts/routes/creatures.route.js","statementMap":{"0":{"start":{"line":4,"column":4},"end":{"line":9,"column":5}},"1":{"start":{"line":5,"column":20},"end":{"line":5,"column":75}},"2":{"start":{"line":6,"column":8},"end":{"line":6,"column":37}},"3":{"start":{"line":8,"column":8},"end":{"line":8,"column":25}},"4":{"start":{"line":13,"column":4},"end":{"line":23,"column":5}},"5":{"start":{"line":14,"column":8},"end":{"line":20,"column":9}},"6":{"start":{"line":15,"column":24},"end":{"line":15,"column":66}},"7":{"start":{"line":16,"column":12},"end":{"line":16,"column":47}},"8":{"start":{"line":18,"column":24},"end":{"line":18,"column":88}},"9":{"start":{"line":19,"column":12},"end":{"line":19,"column":55}},"10":{"start":{"line":22,"column":8},"end":{"line":22,"column":25}},"11":{"start":{"line":28,"column":107},"end":{"line":28,"column":149}},"12":{"start":{"line":29,"column":24},"end":{"line":63,"column":5}},"13":{"start":{"line":64,"column":4},"end":{"line":64,"column":29}},"14":{"start":{"line":65,"column":4},"end":{"line":65,"column":23}},"15":{"start":{"line":69,"column":26},"end":{"line":69,"column":69}},"16":{"start":{"line":70,"column":33},"end":{"line":70,"column":89}},"17":{"start":{"line":71,"column":19},"end":{"line":71,"column":48}},"18":{"start":{"line":72,"column":30},"end":{"line":72,"column":73}},"19":{"start":{"line":73,"column":20},"end":{"line":73,"column":51}},"20":{"start":{"line":74,"column":30},"end":{"line":74,"column":80}},"21":{"start":{"line":76,"column":4},"end":{"line":76,"column":196}},"22":{"start":{"line":80,"column":24},"end":{"line":80,"column":26}},"23":{"start":{"line":81,"column":4},"end":{"line":85,"column":5}},"24":{"start":{"line":82,"column":8},"end":{"line":84,"column":11}},"25":{"start":{"line":83,"column":12},"end":{"line":83,"column":81}},"26":{"start":{"line":86,"column":4},"end":{"line":86,"column":25}},"27":{"start":{"line":90,"column":31},"end":{"line":90,"column":33}},"28":{"start":{"line":91,"column":4},"end":{"line":95,"column":5}},"29":{"start":{"line":92,"column":8},"end":{"line":94,"column":11}},"30":{"start":{"line":93,"column":12},"end":{"line":93,"column":53}},"31":{"start":{"line":96,"column":4},"end":{"line":96,"column":32}},"32":{"start":{"line":100,"column":17},"end":{"line":100,"column":19}},"33":{"start":{"line":101,"column":4},"end":{"line":101,"column":111}},"34":{"start":{"line":101,"column":28},"end":{"line":101,"column":111}},"35":{"start":{"line":102,"column":4},"end":{"line":102,"column":111}},"36":{"start":{"line":102,"column":28},"end":{"line":102,"column":111}},"37":{"start":{"line":103,"column":4},"end":{"line":103,"column":114}},"38":{"start":{"line":103,"column":29},"end":{"line":103,"column":114}},"39":{"start":{"line":104,"column":4},"end":{"line":104,"column":108}},"40":{"start":{"line":104,"column":27},"end":{"line":104,"column":108}},"41":{"start":{"line":105,"column":4},"end":{"line":105,"column":113}},"42":{"start":{"line":105,"column":36},"end":{"line":105,"column":113}},"43":{"start":{"line":106,"column":4},"end":{"line":106,"column":18}},"44":{"start":{"line":110,"column":28},"end":{"line":110,"column":30}},"45":{"start":{"line":111,"column":4},"end":{"line":115,"column":5}},"46":{"start":{"line":112,"column":8},"end":{"line":114,"column":11}},"47":{"start":{"line":113,"column":12},"end":{"line":113,"column":125}},"48":{"start":{"line":116,"column":4},"end":{"line":116,"column":29}},"49":{"start":{"line":120,"column":18},"end":{"line":120,"column":20}},"50":{"start":{"line":121,"column":4},"end":{"line":125,"column":5}},"51":{"start":{"line":122,"column":8},"end":{"line":124,"column":11}},"52":{"start":{"line":123,"column":12},"end":{"line":123,"column":147}},"53":{"start":{"line":127,"column":4},"end":{"line":127,"column":19}},"54":{"start":{"line":131,"column":28},"end":{"line":131,"column":30}},"55":{"start":{"line":132,"column":4},"end":{"line":136,"column":5}},"56":{"start":{"line":133,"column":8},"end":{"line":135,"column":11}},"57":{"start":{"line":134,"column":12},"end":{"line":134,"column":157}},"58":{"start":{"line":137,"column":4},"end":{"line":137,"column":29}},"59":{"start":{"line":142,"column":18},"end":{"line":142,"column":20}},"60":{"start":{"line":143,"column":4},"end":{"line":153,"column":5}},"61":{"start":{"line":144,"column":8},"end":{"line":152,"column":11}},"62":{"start":{"line":145,"column":12},"end":{"line":151,"column":13}},"63":{"start":{"line":146,"column":16},"end":{"line":148,"column":19}},"64":{"start":{"line":147,"column":20},"end":{"line":147,"column":99}},"65":{"start":{"line":150,"column":16},"end":{"line":150,"column":95}},"66":{"start":{"line":154,"column":4},"end":{"line":154,"column":19}},"67":{"start":{"line":159,"column":16},"end":{"line":159,"column":18}},"68":{"start":{"line":160,"column":4},"end":{"line":163,"column":5}},"69":{"start":{"line":161,"column":8},"end":{"line":161,"column":47}},"70":{"start":{"line":162,"column":8},"end":{"line":162,"column":21}},"71":{"start":{"line":168,"column":139},"end":{"line":168,"column":173}},"72":{"start":{"line":170,"column":24},"end":{"line":204,"column":5}},"73":{"start":{"line":205,"column":4},"end":{"line":205,"column":29}},"74":{"start":{"line":206,"column":4},"end":{"line":206,"column":23}},"75":{"start":{"line":211,"column":139},"end":{"line":211,"column":168}},"76":{"start":{"line":213,"column":4},"end":{"line":213,"column":63}},"77":{"start":{"line":214,"column":4},"end":{"line":214,"column":61}},"78":{"start":{"line":215,"column":4},"end":{"line":215,"column":53}},"79":{"start":{"line":216,"column":4},"end":{"line":216,"column":63}},"80":{"start":{"line":217,"column":4},"end":{"line":217,"column":69}},"81":{"start":{"line":218,"column":4},"end":{"line":218,"column":49}},"82":{"start":{"line":219,"column":4},"end":{"line":219,"column":55}},"83":{"start":{"line":220,"column":4},"end":{"line":220,"column":51}},"84":{"start":{"line":221,"column":4},"end":{"line":221,"column":57}},"85":{"start":{"line":224,"column":28},"end":{"line":224,"column":30}},"86":{"start":{"line":225,"column":4},"end":{"line":230,"column":7}},"87":{"start":{"line":226,"column":8},"end":{"line":229,"column":9}},"88":{"start":{"line":227,"column":32},"end":{"line":227,"column":59}},"89":{"start":{"line":228,"column":12},"end":{"line":228,"column":138}},"90":{"start":{"line":231,"column":4},"end":{"line":231,"column":34}},"91":{"start":{"line":234,"column":26},"end":{"line":234,"column":28}},"92":{"start":{"line":235,"column":4},"end":{"line":240,"column":7}},"93":{"start":{"line":236,"column":8},"end":{"line":239,"column":9}},"94":{"start":{"line":237,"column":31},"end":{"line":237,"column":57}},"95":{"start":{"line":238,"column":12},"end":{"line":238,"column":165}},"96":{"start":{"line":241,"column":4},"end":{"line":241,"column":30}},"97":{"start":{"line":244,"column":29},"end":{"line":244,"column":31}},"98":{"start":{"line":245,"column":4},"end":{"line":250,"column":7}},"99":{"start":{"line":246,"column":8},"end":{"line":249,"column":9}},"100":{"start":{"line":247,"column":34},"end":{"line":247,"column":60}},"101":{"start":{"line":248,"column":12},"end":{"line":248,"column":177}},"102":{"start":{"line":251,"column":4},"end":{"line":251,"column":36}},"103":{"start":{"line":254,"column":4},"end":{"line":260,"column":5}},"104":{"start":{"line":255,"column":21},"end":{"line":255,"column":26}},"105":{"start":{"line":256,"column":8},"end":{"line":258,"column":11}},"106":{"start":{"line":257,"column":12},"end":{"line":257,"column":55}},"107":{"start":{"line":257,"column":41},"end":{"line":257,"column":55}},"108":{"start":{"line":259,"column":8},"end":{"line":259,"column":40}},"109":{"start":{"line":259,"column":21},"end":{"line":259,"column":40}},"110":{"start":{"line":261,"column":4},"end":{"line":267,"column":5}},"111":{"start":{"line":262,"column":21},"end":{"line":262,"column":26}},"112":{"start":{"line":263,"column":8},"end":{"line":265,"column":11}},"113":{"start":{"line":264,"column":12},"end":{"line":264,"column":42}},"114":{"start":{"line":264,"column":28},"end":{"line":264,"column":42}},"115":{"start":{"line":266,"column":8},"end":{"line":266,"column":38}},"116":{"start":{"line":266,"column":21},"end":{"line":266,"column":38}},"117":{"start":{"line":268,"column":4},"end":{"line":274,"column":5}},"118":{"start":{"line":269,"column":21},"end":{"line":269,"column":26}},"119":{"start":{"line":270,"column":8},"end":{"line":272,"column":11}},"120":{"start":{"line":271,"column":12},"end":{"line":271,"column":35}},"121":{"start":{"line":271,"column":21},"end":{"line":271,"column":35}},"122":{"start":{"line":273,"column":8},"end":{"line":273,"column":42}},"123":{"start":{"line":273,"column":21},"end":{"line":273,"column":42}},"124":{"start":{"line":275,"column":4},"end":{"line":281,"column":5}},"125":{"start":{"line":276,"column":21},"end":{"line":276,"column":26}},"126":{"start":{"line":277,"column":8},"end":{"line":279,"column":11}},"127":{"start":{"line":278,"column":12},"end":{"line":278,"column":57}},"128":{"start":{"line":278,"column":43},"end":{"line":278,"column":57}},"129":{"start":{"line":280,"column":8},"end":{"line":280,"column":33}},"130":{"start":{"line":280,"column":21},"end":{"line":280,"column":33}},"131":{"start":{"line":283,"column":4},"end":{"line":283,"column":260}},"132":{"start":{"line":288,"column":24},"end":{"line":288,"column":26}},"133":{"start":{"line":289,"column":26},"end":{"line":289,"column":28}},"134":{"start":{"line":290,"column":22},"end":{"line":290,"column":24}},"135":{"start":{"line":291,"column":27},"end":{"line":291,"column":29}},"136":{"start":{"line":292,"column":30},"end":{"line":292,"column":32}},"137":{"start":{"line":293,"column":17},"end":{"line":293,"column":19}},"138":{"start":{"line":294,"column":20},"end":{"line":294,"column":22}},"139":{"start":{"line":295,"column":18},"end":{"line":295,"column":20}},"140":{"start":{"line":296,"column":21},"end":{"line":296,"column":23}},"141":{"start":{"line":298,"column":4},"end":{"line":312,"column":5}},"142":{"start":{"line":299,"column":8},"end":{"line":299,"column":75}},"143":{"start":{"line":300,"column":8},"end":{"line":300,"column":44}},"144":{"start":{"line":301,"column":8},"end":{"line":301,"column":40}},"145":{"start":{"line":302,"column":8},"end":{"line":302,"column":70}},"146":{"start":{"line":303,"column":8},"end":{"line":303,"column":75}},"147":{"start":{"line":304,"column":8},"end":{"line":304,"column":71}},"148":{"start":{"line":305,"column":8},"end":{"line":305,"column":82}},"149":{"start":{"line":307,"column":8},"end":{"line":311,"column":9}},"150":{"start":{"line":308,"column":12},"end":{"line":308,"column":52}},"151":{"start":{"line":309,"column":15},"end":{"line":311,"column":9}},"152":{"start":{"line":310,"column":12},"end":{"line":310,"column":55}},"153":{"start":{"line":313,"column":4},"end":{"line":313,"column":260}},"154":{"start":{"line":318,"column":17},"end":{"line":318,"column":19}},"155":{"start":{"line":319,"column":4},"end":{"line":333,"column":5}},"156":{"start":{"line":321,"column":8},"end":{"line":325,"column":9}},"157":{"start":{"line":321,"column":21},"end":{"line":321,"column":22}},"158":{"start":{"line":322,"column":12},"end":{"line":324,"column":13}},"159":{"start":{"line":322,"column":39},"end":{"line":322,"column":66}},"160":{"start":{"line":323,"column":16},"end":{"line":323,"column":38}},"161":{"start":{"line":328,"column":8},"end":{"line":332,"column":9}},"162":{"start":{"line":328,"column":21},"end":{"line":328,"column":22}},"163":{"start":{"line":329,"column":12},"end":{"line":331,"column":13}},"164":{"start":{"line":329,"column":39},"end":{"line":329,"column":56}},"165":{"start":{"line":330,"column":16},"end":{"line":330,"column":38}},"166":{"start":{"line":334,"column":4},"end":{"line":334,"column":18}},"167":{"start":{"line":338,"column":4},"end":{"line":343,"column":5}},"168":{"start":{"line":339,"column":20},"end":{"line":339,"column":53}},"169":{"start":{"line":340,"column":8},"end":{"line":340,"column":35}},"170":{"start":{"line":342,"column":8},"end":{"line":342,"column":25}},"171":{"start":{"line":349,"column":4},"end":{"line":349,"column":25}},"172":{"start":{"line":350,"column":4},"end":{"line":391,"column":5}},"173":{"start":{"line":353,"column":8},"end":{"line":353,"column":52}},"174":{"start":{"line":355,"column":20},"end":{"line":355,"column":53}},"175":{"start":{"line":356,"column":8},"end":{"line":356,"column":54}},"176":{"start":{"line":359,"column":8},"end":{"line":361,"column":9}},"177":{"start":{"line":360,"column":12},"end":{"line":360,"column":114}},"178":{"start":{"line":362,"column":8},"end":{"line":362,"column":139}},"179":{"start":{"line":362,"column":48},"end":{"line":362,"column":139}},"180":{"start":{"line":364,"column":8},"end":{"line":364,"column":92}},"181":{"start":{"line":365,"column":8},"end":{"line":365,"column":92}},"182":{"start":{"line":366,"column":8},"end":{"line":366,"column":122}},"183":{"start":{"line":367,"column":8},"end":{"line":367,"column":122}},"184":{"start":{"line":368,"column":8},"end":{"line":370,"column":9}},"185":{"start":{"line":369,"column":12},"end":{"line":369,"column":118}},"186":{"start":{"line":371,"column":8},"end":{"line":371,"column":134}},"187":{"start":{"line":371,"column":41},"end":{"line":371,"column":134}},"188":{"start":{"line":373,"column":8},"end":{"line":373,"column":104}},"189":{"start":{"line":374,"column":8},"end":{"line":376,"column":9}},"190":{"start":{"line":375,"column":12},"end":{"line":375,"column":123}},"191":{"start":{"line":377,"column":8},"end":{"line":377,"column":139}},"192":{"start":{"line":377,"column":44},"end":{"line":377,"column":139}},"193":{"start":{"line":379,"column":8},"end":{"line":381,"column":9}},"194":{"start":{"line":380,"column":12},"end":{"line":380,"column":119}},"195":{"start":{"line":382,"column":8},"end":{"line":382,"column":135}},"196":{"start":{"line":382,"column":42},"end":{"line":382,"column":135}},"197":{"start":{"line":384,"column":8},"end":{"line":386,"column":9}},"198":{"start":{"line":385,"column":12},"end":{"line":385,"column":123}},"199":{"start":{"line":387,"column":8},"end":{"line":387,"column":142}},"200":{"start":{"line":387,"column":45},"end":{"line":387,"column":142}},"201":{"start":{"line":390,"column":8},"end":{"line":390,"column":25}},"202":{"start":{"line":426,"column":8},"end":{"line":426,"column":21}},"203":{"start":{"line":427,"column":8},"end":{"line":427,"column":31}},"204":{"start":{"line":428,"column":8},"end":{"line":428,"column":27}},"205":{"start":{"line":429,"column":8},"end":{"line":429,"column":25}},"206":{"start":{"line":430,"column":8},"end":{"line":430,"column":25}},"207":{"start":{"line":431,"column":8},"end":{"line":431,"column":25}},"208":{"start":{"line":432,"column":8},"end":{"line":432,"column":35}},"209":{"start":{"line":433,"column":8},"end":{"line":433,"column":21}},"210":{"start":{"line":434,"column":8},"end":{"line":434,"column":37}},"211":{"start":{"line":435,"column":8},"end":{"line":435,"column":33}},"212":{"start":{"line":436,"column":8},"end":{"line":436,"column":23}},"213":{"start":{"line":437,"column":8},"end":{"line":437,"column":23}},"214":{"start":{"line":438,"column":8},"end":{"line":438,"column":23}},"215":{"start":{"line":439,"column":8},"end":{"line":439,"column":23}},"216":{"start":{"line":440,"column":8},"end":{"line":440,"column":23}},"217":{"start":{"line":441,"column":8},"end":{"line":441,"column":25}},"218":{"start":{"line":442,"column":8},"end":{"line":442,"column":21}},"219":{"start":{"line":443,"column":8},"end":{"line":443,"column":21}},"220":{"start":{"line":444,"column":8},"end":{"line":444,"column":35}},"221":{"start":{"line":445,"column":8},"end":{"line":452,"column":43}},"222":{"start":{"line":453,"column":8},"end":{"line":453,"column":47}},"223":{"start":{"line":454,"column":8},"end":{"line":454,"column":39}},"224":{"start":{"line":455,"column":8},"end":{"line":455,"column":49}},"225":{"start":{"line":456,"column":8},"end":{"line":456,"column":55}},"226":{"start":{"line":457,"column":8},"end":{"line":457,"column":29}},"227":{"start":{"line":458,"column":8},"end":{"line":458,"column":35}},"228":{"start":{"line":459,"column":8},"end":{"line":459,"column":31}},"229":{"start":{"line":460,"column":8},"end":{"line":460,"column":37}},"230":{"start":{"line":467,"column":4},"end":{"line":475,"column":5}},"231":{"start":{"line":468,"column":8},"end":{"line":468,"column":54}},"232":{"start":{"line":469,"column":8},"end":{"line":472,"column":9}},"233":{"start":{"line":470,"column":12},"end":{"line":470,"column":36}},"234":{"start":{"line":471,"column":12},"end":{"line":471,"column":36}},"235":{"start":{"line":474,"column":8},"end":{"line":474,"column":25}},"236":{"start":{"line":479,"column":0},"end":{"line":487,"column":2}},"237":{"start":{"line":479,"column":35},"end":{"line":487,"column":2}}},"fnMap":{"0":{"name":"getCreatures","decl":{"start":{"line":3,"column":15},"end":{"line":3,"column":27}},"loc":{"start":{"line":3,"column":30},"end":{"line":10,"column":1}},"line":3},"1":{"name":"getCreatureByIndex","decl":{"start":{"line":12,"column":15},"end":{"line":12,"column":33}},"loc":{"start":{"line":12,"column":49},"end":{"line":24,"column":1}},"line":12},"2":{"name":"modifyResponseStandardCreature","decl":{"start":{"line":26,"column":9},"end":{"line":26,"column":39}},"loc":{"start":{"line":26,"column":45},"end":{"line":66,"column":1}},"line":26},"3":{"name":"separateStandardCreatureResponse","decl":{"start":{"line":68,"column":9},"end":{"line":68,"column":41}},"loc":{"start":{"line":68,"column":47},"end":{"line":77,"column":1}},"line":68},"4":{"name":"getCreatureProficiencies","decl":{"start":{"line":79,"column":9},"end":{"line":79,"column":33}},"loc":{"start":{"line":79,"column":50},"end":{"line":87,"column":1}},"line":79},"5":{"name":"(anonymous_5)","decl":{"start":{"line":82,"column":31},"end":{"line":82,"column":32}},"loc":{"start":{"line":82,"column":41},"end":{"line":84,"column":9}},"line":82},"6":{"name":"getCreatureConditionImmunities","decl":{"start":{"line":89,"column":9},"end":{"line":89,"column":39}},"loc":{"start":{"line":89,"column":63},"end":{"line":97,"column":1}},"line":89},"7":{"name":"(anonymous_7)","decl":{"start":{"line":92,"column":38},"end":{"line":92,"column":39}},"loc":{"start":{"line":92,"column":52},"end":{"line":94,"column":9}},"line":92},"8":{"name":"getCreatureSenses","decl":{"start":{"line":99,"column":9},"end":{"line":99,"column":26}},"loc":{"start":{"line":99,"column":36},"end":{"line":107,"column":1}},"line":99},"9":{"name":"getCreatureAbilities","decl":{"start":{"line":109,"column":9},"end":{"line":109,"column":29}},"loc":{"start":{"line":109,"column":50},"end":{"line":117,"column":1}},"line":109},"10":{"name":"(anonymous_10)","decl":{"start":{"line":112,"column":35},"end":{"line":112,"column":36}},"loc":{"start":{"line":112,"column":48},"end":{"line":114,"column":9}},"line":112},"11":{"name":"getCreatureActions","decl":{"start":{"line":119,"column":9},"end":{"line":119,"column":27}},"loc":{"start":{"line":119,"column":38},"end":{"line":128,"column":1}},"line":119},"12":{"name":"(anonymous_12)","decl":{"start":{"line":122,"column":25},"end":{"line":122,"column":26}},"loc":{"start":{"line":122,"column":37},"end":{"line":124,"column":9}},"line":122},"13":{"name":"getCreatureLegendaryActions","decl":{"start":{"line":130,"column":9},"end":{"line":130,"column":36}},"loc":{"start":{"line":130,"column":57},"end":{"line":138,"column":1}},"line":130},"14":{"name":"(anonymous_14)","decl":{"start":{"line":133,"column":35},"end":{"line":133,"column":36}},"loc":{"start":{"line":133,"column":47},"end":{"line":135,"column":9}},"line":133},"15":{"name":"standardCreatureDamage","decl":{"start":{"line":141,"column":9},"end":{"line":141,"column":31}},"loc":{"start":{"line":141,"column":40},"end":{"line":155,"column":1}},"line":141},"16":{"name":"(anonymous_16)","decl":{"start":{"line":144,"column":23},"end":{"line":144,"column":24}},"loc":{"start":{"line":144,"column":32},"end":{"line":152,"column":9}},"line":144},"17":{"name":"(anonymous_17)","decl":{"start":{"line":146,"column":41},"end":{"line":146,"column":42}},"loc":{"start":{"line":146,"column":50},"end":{"line":148,"column":17}},"line":146},"18":{"name":"removeUnitFromString","decl":{"start":{"line":158,"column":9},"end":{"line":158,"column":29}},"loc":{"start":{"line":158,"column":38},"end":{"line":164,"column":1}},"line":158},"19":{"name":"modifyResponseCreature","decl":{"start":{"line":166,"column":9},"end":{"line":166,"column":31}},"loc":{"start":{"line":166,"column":37},"end":{"line":207,"column":1}},"line":166},"20":{"name":"separateCreatureResponse","decl":{"start":{"line":210,"column":9},"end":{"line":210,"column":33}},"loc":{"start":{"line":210,"column":39},"end":{"line":284,"column":1}},"line":210},"21":{"name":"(anonymous_21)","decl":{"start":{"line":225,"column":22},"end":{"line":225,"column":23}},"loc":{"start":{"line":225,"column":35},"end":{"line":230,"column":5}},"line":225},"22":{"name":"(anonymous_22)","decl":{"start":{"line":235,"column":20},"end":{"line":235,"column":21}},"loc":{"start":{"line":235,"column":32},"end":{"line":240,"column":5}},"line":235},"23":{"name":"(anonymous_23)","decl":{"start":{"line":245,"column":23},"end":{"line":245,"column":24}},"loc":{"start":{"line":245,"column":35},"end":{"line":250,"column":5}},"line":245},"24":{"name":"(anonymous_24)","decl":{"start":{"line":256,"column":30},"end":{"line":256,"column":31}},"loc":{"start":{"line":256,"column":40},"end":{"line":258,"column":9}},"line":256},"25":{"name":"(anonymous_25)","decl":{"start":{"line":263,"column":28},"end":{"line":263,"column":29}},"loc":{"start":{"line":263,"column":44},"end":{"line":265,"column":9}},"line":263},"26":{"name":"(anonymous_26)","decl":{"start":{"line":270,"column":32},"end":{"line":270,"column":33}},"loc":{"start":{"line":270,"column":41},"end":{"line":272,"column":9}},"line":270},"27":{"name":"(anonymous_27)","decl":{"start":{"line":277,"column":23},"end":{"line":277,"column":24}},"loc":{"start":{"line":277,"column":34},"end":{"line":279,"column":9}},"line":277},"28":{"name":"getInitialCreatureArrays","decl":{"start":{"line":287,"column":9},"end":{"line":287,"column":33}},"loc":{"start":{"line":287,"column":39},"end":{"line":314,"column":1}},"line":287},"29":{"name":"removeExtraCustomData","decl":{"start":{"line":317,"column":9},"end":{"line":317,"column":30}},"loc":{"start":{"line":317,"column":44},"end":{"line":335,"column":1}},"line":317},"30":{"name":"(anonymous_30)","decl":{"start":{"line":322,"column":29},"end":{"line":322,"column":30}},"loc":{"start":{"line":322,"column":39},"end":{"line":322,"column":66}},"line":322},"31":{"name":"(anonymous_31)","decl":{"start":{"line":329,"column":29},"end":{"line":329,"column":30}},"loc":{"start":{"line":329,"column":39},"end":{"line":329,"column":56}},"line":329},"32":{"name":"getCustomCreatures","decl":{"start":{"line":337,"column":15},"end":{"line":337,"column":33}},"loc":{"start":{"line":337,"column":36},"end":{"line":344,"column":1}},"line":337},"33":{"name":"addCreature","decl":{"start":{"line":348,"column":15},"end":{"line":348,"column":26}},"loc":{"start":{"line":348,"column":36},"end":{"line":392,"column":1}},"line":348},"34":{"name":"(anonymous_34)","decl":{"start":{"line":425,"column":4},"end":{"line":425,"column":5}},"loc":{"start":{"line":425,"column":328},"end":{"line":461,"column":5}},"line":425},"35":{"name":"deleteCreature","decl":{"start":{"line":466,"column":15},"end":{"line":466,"column":29}},"loc":{"start":{"line":466,"column":37},"end":{"line":476,"column":1}},"line":466}},"branchMap":{"0":{"loc":{"start":{"line":14,"column":8},"end":{"line":20,"column":9}},"type":"if","locations":[{"start":{"line":14,"column":8},"end":{"line":20,"column":9}},{"start":{"line":17,"column":15},"end":{"line":20,"column":9}}],"line":14},"1":{"loc":{"start":{"line":81,"column":4},"end":{"line":85,"column":5}},"type":"if","locations":[{"start":{"line":81,"column":4},"end":{"line":85,"column":5}},{"start":{},"end":{}}],"line":81},"2":{"loc":{"start":{"line":91,"column":4},"end":{"line":95,"column":5}},"type":"if","locations":[{"start":{"line":91,"column":4},"end":{"line":95,"column":5}},{"start":{},"end":{}}],"line":91},"3":{"loc":{"start":{"line":101,"column":4},"end":{"line":101,"column":111}},"type":"if","locations":[{"start":{"line":101,"column":4},"end":{"line":101,"column":111}},{"start":{},"end":{}}],"line":101},"4":{"loc":{"start":{"line":102,"column":4},"end":{"line":102,"column":111}},"type":"if","locations":[{"start":{"line":102,"column":4},"end":{"line":102,"column":111}},{"start":{},"end":{}}],"line":102},"5":{"loc":{"start":{"line":103,"column":4},"end":{"line":103,"column":114}},"type":"if","locations":[{"start":{"line":103,"column":4},"end":{"line":103,"column":114}},{"start":{},"end":{}}],"line":103},"6":{"loc":{"start":{"line":104,"column":4},"end":{"line":104,"column":108}},"type":"if","locations":[{"start":{"line":104,"column":4},"end":{"line":104,"column":108}},{"start":{},"end":{}}],"line":104},"7":{"loc":{"start":{"line":105,"column":4},"end":{"line":105,"column":113}},"type":"if","locations":[{"start":{"line":105,"column":4},"end":{"line":105,"column":113}},{"start":{},"end":{}}],"line":105},"8":{"loc":{"start":{"line":111,"column":4},"end":{"line":115,"column":5}},"type":"if","locations":[{"start":{"line":111,"column":4},"end":{"line":115,"column":5}},{"start":{},"end":{}}],"line":111},"9":{"loc":{"start":{"line":121,"column":4},"end":{"line":125,"column":5}},"type":"if","locations":[{"start":{"line":121,"column":4},"end":{"line":125,"column":5}},{"start":{},"end":{}}],"line":121},"10":{"loc":{"start":{"line":132,"column":4},"end":{"line":136,"column":5}},"type":"if","locations":[{"start":{"line":132,"column":4},"end":{"line":136,"column":5}},{"start":{},"end":{}}],"line":132},"11":{"loc":{"start":{"line":143,"column":4},"end":{"line":153,"column":5}},"type":"if","locations":[{"start":{"line":143,"column":4},"end":{"line":153,"column":5}},{"start":{},"end":{}}],"line":143},"12":{"loc":{"start":{"line":145,"column":12},"end":{"line":151,"column":13}},"type":"if","locations":[{"start":{"line":145,"column":12},"end":{"line":151,"column":13}},{"start":{"line":149,"column":19},"end":{"line":151,"column":13}}],"line":145},"13":{"loc":{"start":{"line":160,"column":4},"end":{"line":163,"column":5}},"type":"if","locations":[{"start":{"line":160,"column":4},"end":{"line":163,"column":5}},{"start":{},"end":{}}],"line":160},"14":{"loc":{"start":{"line":226,"column":8},"end":{"line":229,"column":9}},"type":"if","locations":[{"start":{"line":226,"column":8},"end":{"line":229,"column":9}},{"start":{},"end":{}}],"line":226},"15":{"loc":{"start":{"line":226,"column":12},"end":{"line":226,"column":40}},"type":"binary-expr","locations":[{"start":{"line":226,"column":12},"end":{"line":226,"column":24}},{"start":{"line":226,"column":28},"end":{"line":226,"column":40}}],"line":226},"16":{"loc":{"start":{"line":236,"column":8},"end":{"line":239,"column":9}},"type":"if","locations":[{"start":{"line":236,"column":8},"end":{"line":239,"column":9}},{"start":{},"end":{}}],"line":236},"17":{"loc":{"start":{"line":236,"column":12},"end":{"line":236,"column":38}},"type":"binary-expr","locations":[{"start":{"line":236,"column":12},"end":{"line":236,"column":23}},{"start":{"line":236,"column":27},"end":{"line":236,"column":38}}],"line":236},"18":{"loc":{"start":{"line":246,"column":8},"end":{"line":249,"column":9}},"type":"if","locations":[{"start":{"line":246,"column":8},"end":{"line":249,"column":9}},{"start":{},"end":{}}],"line":246},"19":{"loc":{"start":{"line":246,"column":12},"end":{"line":246,"column":38}},"type":"binary-expr","locations":[{"start":{"line":246,"column":12},"end":{"line":246,"column":23}},{"start":{"line":246,"column":27},"end":{"line":246,"column":38}}],"line":246},"20":{"loc":{"start":{"line":254,"column":4},"end":{"line":260,"column":5}},"type":"if","locations":[{"start":{"line":254,"column":4},"end":{"line":260,"column":5}},{"start":{},"end":{}}],"line":254},"21":{"loc":{"start":{"line":257,"column":12},"end":{"line":257,"column":55}},"type":"if","locations":[{"start":{"line":257,"column":12},"end":{"line":257,"column":55}},{"start":{},"end":{}}],"line":257},"22":{"loc":{"start":{"line":257,"column":16},"end":{"line":257,"column":39}},"type":"binary-expr","locations":[{"start":{"line":257,"column":16},"end":{"line":257,"column":25}},{"start":{"line":257,"column":29},"end":{"line":257,"column":39}}],"line":257},"23":{"loc":{"start":{"line":259,"column":8},"end":{"line":259,"column":40}},"type":"if","locations":[{"start":{"line":259,"column":8},"end":{"line":259,"column":40}},{"start":{},"end":{}}],"line":259},"24":{"loc":{"start":{"line":261,"column":4},"end":{"line":267,"column":5}},"type":"if","locations":[{"start":{"line":261,"column":4},"end":{"line":267,"column":5}},{"start":{},"end":{}}],"line":261},"25":{"loc":{"start":{"line":264,"column":12},"end":{"line":264,"column":42}},"type":"if","locations":[{"start":{"line":264,"column":12},"end":{"line":264,"column":42}},{"start":{},"end":{}}],"line":264},"26":{"loc":{"start":{"line":266,"column":8},"end":{"line":266,"column":38}},"type":"if","locations":[{"start":{"line":266,"column":8},"end":{"line":266,"column":38}},{"start":{},"end":{}}],"line":266},"27":{"loc":{"start":{"line":268,"column":4},"end":{"line":274,"column":5}},"type":"if","locations":[{"start":{"line":268,"column":4},"end":{"line":274,"column":5}},{"start":{},"end":{}}],"line":268},"28":{"loc":{"start":{"line":271,"column":12},"end":{"line":271,"column":35}},"type":"if","locations":[{"start":{"line":271,"column":12},"end":{"line":271,"column":35}},{"start":{},"end":{}}],"line":271},"29":{"loc":{"start":{"line":273,"column":8},"end":{"line":273,"column":42}},"type":"if","locations":[{"start":{"line":273,"column":8},"end":{"line":273,"column":42}},{"start":{},"end":{}}],"line":273},"30":{"loc":{"start":{"line":275,"column":4},"end":{"line":281,"column":5}},"type":"if","locations":[{"start":{"line":275,"column":4},"end":{"line":281,"column":5}},{"start":{},"end":{}}],"line":275},"31":{"loc":{"start":{"line":278,"column":12},"end":{"line":278,"column":57}},"type":"if","locations":[{"start":{"line":278,"column":12},"end":{"line":278,"column":57}},{"start":{},"end":{}}],"line":278},"32":{"loc":{"start":{"line":278,"column":16},"end":{"line":278,"column":41}},"type":"binary-expr","locations":[{"start":{"line":278,"column":16},"end":{"line":278,"column":26}},{"start":{"line":278,"column":30},"end":{"line":278,"column":41}}],"line":278},"33":{"loc":{"start":{"line":280,"column":8},"end":{"line":280,"column":33}},"type":"if","locations":[{"start":{"line":280,"column":8},"end":{"line":280,"column":33}},{"start":{},"end":{}}],"line":280},"34":{"loc":{"start":{"line":307,"column":8},"end":{"line":311,"column":9}},"type":"if","locations":[{"start":{"line":307,"column":8},"end":{"line":311,"column":9}},{"start":{"line":309,"column":15},"end":{"line":311,"column":9}}],"line":307},"35":{"loc":{"start":{"line":309,"column":15},"end":{"line":311,"column":9}},"type":"if","locations":[{"start":{"line":309,"column":15},"end":{"line":311,"column":9}},{"start":{},"end":{}}],"line":309},"36":{"loc":{"start":{"line":319,"column":4},"end":{"line":333,"column":5}},"type":"if","locations":[{"start":{"line":319,"column":4},"end":{"line":333,"column":5}},{"start":{"line":326,"column":11},"end":{"line":333,"column":5}}],"line":319},"37":{"loc":{"start":{"line":322,"column":12},"end":{"line":324,"column":13}},"type":"if","locations":[{"start":{"line":322,"column":12},"end":{"line":324,"column":13}},{"start":{},"end":{}}],"line":322},"38":{"loc":{"start":{"line":329,"column":12},"end":{"line":331,"column":13}},"type":"if","locations":[{"start":{"line":329,"column":12},"end":{"line":331,"column":13}},{"start":{},"end":{}}],"line":329},"39":{"loc":{"start":{"line":362,"column":8},"end":{"line":362,"column":139}},"type":"if","locations":[{"start":{"line":362,"column":8},"end":{"line":362,"column":139}},{"start":{},"end":{}}],"line":362},"40":{"loc":{"start":{"line":371,"column":8},"end":{"line":371,"column":134}},"type":"if","locations":[{"start":{"line":371,"column":8},"end":{"line":371,"column":134}},{"start":{},"end":{}}],"line":371},"41":{"loc":{"start":{"line":377,"column":8},"end":{"line":377,"column":139}},"type":"if","locations":[{"start":{"line":377,"column":8},"end":{"line":377,"column":139}},{"start":{},"end":{}}],"line":377},"42":{"loc":{"start":{"line":382,"column":8},"end":{"line":382,"column":135}},"type":"if","locations":[{"start":{"line":382,"column":8},"end":{"line":382,"column":135}},{"start":{},"end":{}}],"line":382},"43":{"loc":{"start":{"line":387,"column":8},"end":{"line":387,"column":142}},"type":"if","locations":[{"start":{"line":387,"column":8},"end":{"line":387,"column":142}},{"start":{},"end":{}}],"line":387},"44":{"loc":{"start":{"line":469,"column":8},"end":{"line":472,"column":9}},"type":"if","locations":[{"start":{"line":469,"column":8},"end":{"line":472,"column":9}},{"start":{},"end":{}}],"line":469},"45":{"loc":{"start":{"line":479,"column":0},"end":{"line":487,"column":2}},"type":"if","locations":[{"start":{"line":479,"column":0},"end":{"line":487,"column":2}},{"start":{},"end":{}}],"line":479}},"s":{"0":0,"1":0,"2":0,"3":0,"4":0,"5":0,"6":0,"7":0,"8":0,"9":0,"10":0,"11":0,"12":0,"13":0,"14":0,"15":0,"16":0,"17":0,"18":0,"19":0,"20":0,"21":0,"22":0,"23":0,"24":0,"25":0,"26":0,"27":0,"28":0,"29":0,"30":0,"31":0,"32":0,"33":0,"34":0,"35":0,"36":0,"37":0,"38":0,"39":0,"40":0,"41":0,"42":0,"43":0,"44":0,"45":0,"46":0,"47":0,"48":0,"49":2,"50":2,"51":2,"52":2,"53":2,"54":0,"55":0,"56":0,"57":0,"58":0,"59":2,"60":2,"61":2,"62":2,"63":1,"64":2,"65":1,"66":2,"67":0,"68":0,"69":0,"70":0,"71":0,"72":0,"73":0,"74":0,"75":0,"76":0,"77":0,"78":0,"79":0,"80":0,"81":0,"82":0,"83":0,"84":0,"85":0,"86":0,"87":0,"88":0,"89":0,"90":0,"91":0,"92":0,"93":0,"94":0,"95":0,"96":0,"97":0,"98":0,"99":0,"100":0,"101":0,"102":0,"103":0,"104":0,"105":0,"106":0,"107":0,"108":0,"109":0,"110":0,"111":0,"112":0,"113":0,"114":0,"115":0,"116":0,"117":0,"118":0,"119":0,"120":0,"121":0,"122":0,"123":0,"124":0,"125":0,"126":0,"127":0,"128":0,"129":0,"130":0,"131":0,"132":0,"133":0,"134":0,"135":0,"136":0,"137":0,"138":0,"139":0,"140":0,"141":0,"142":0,"143":0,"144":0,"145":0,"146":0,"147":0,"148":0,"149":0,"150":0,"151":0,"152":0,"153":0,"154":2,"155":2,"156":1,"157":1,"158":3,"159":2,"160":2,"161":1,"162":1,"163":3,"164":2,"165":1,"166":2,"167":0,"168":0,"169":0,"170":0,"171":0,"172":0,"173":0,"174":0,"175":0,"176":0,"177":0,"178":0,"179":0,"180":0,"181":0,"182":0,"183":0,"184":0,"185":0,"186":0,"187":0,"188":0,"189":0,"190":0,"191":0,"192":0,"193":0,"194":0,"195":0,"196":0,"197":0,"198":0,"199":0,"200":0,"201":0,"202":0,"203":0,"204":0,"205":0,"206":0,"207":0,"208":0,"209":0,"210":0,"211":0,"212":0,"213":0,"214":0,"215":0,"216":0,"217":0,"218":0,"219":0,"220":0,"221":0,"222":0,"223":0,"224":0,"225":0,"226":0,"227":0,"228":0,"229":0,"230":0,"231":0,"232":0,"233":0,"234":0,"235":0,"236":1,"237":1},"f":{"0":0,"1":0,"2":0,"3":0,"4":0,"5":0,"6":0,"7":0,"8":0,"9":0,"10":0,"11":2,"12":2,"13":0,"14":0,"15":2,"16":2,"17":2,"18":0,"19":0,"20":0,"21":0,"22":0,"23":0,"24":0,"25":0,"26":0,"27":0,"28":0,"29":2,"30":2,"31":2,"32":0,"33":0,"34":0,"35":0},"b":{"0":[0,0],"1":[0,0],"2":[0,0],"3":[0,0],"4":[0,0],"5":[0,0],"6":[0,0],"7":[0,0],"8":[0,0],"9":[2,0],"10":[0,0],"11":[2,0],"12":[1,1],"13":[0,0],"14":[0,0],"15":[0,0],"16":[0,0],"17":[0,0],"18":[0,0],"19":[0,0],"20":[0,0],"21":[0,0],"22":[0,0],"23":[0,0],"24":[0,0],"25":[0,0],"26":[0,0],"27":[0,0],"28":[0,0],"29":[0,0],"30":[0,0],"31":[0,0],"32":[0,0],"33":[0,0],"34":[0,0],"35":[0,0],"36":[1,1],"37":[2,1],"38":[1,2],"39":[0,0],"40":[0,0],"41":[0,0],"42":[0,0],"43":[0,0],"44":[0,0],"45":[1,0]},"_coverageSchema":"1a1c01bbd47fc00a2c39e90264f33305004495a9","hash":"8d984afc5f7bcd9358232434c648cdcb6455cb45"}
}
