TN:
SF:src/scripts/creature-stats.js
FN:3,openCreatureStatsWindow
FN:20,(anonymous_1)
FN:56,renderCreatureStatsWindow
FN:80,getCreatureSpeedData
FN:83,(anonymous_4)
FN:93,(anonymous_5)
FN:100,getCreatureScoresData
FN:125,getCreatureProficiencyData
FN:131,(anonymous_8)
FN:147,(anonymous_9)
FN:156,getCreatureVulResData
FN:163,(anonymous_11)
FN:176,(anonymous_12)
FN:189,(anonymous_13)
FN:202,(anonymous_14)
FN:210,getCreatureSensesData
FN:216,(anonymous_16)
FN:227,getCreatureSpecialAbilityData
FN:228,(anonymous_18)
FN:237,getCreatureActionsData
FN:239,(anonymous_20)
FN:251,(anonymous_21)
FN:255,(anonymous_22)
FN:262,getCreatureLegActionsData
FN:264,(anonymous_24)
FN:276,(anonymous_25)
FN:280,(anonymous_26)
FN:291,removeCreatureStatsWindow
FN:292,(anonymous_28)
FN:302,getActionDesc
FN:326,separateDmgRoll
FN:332,separateProf
FNF:32
FNH:2
FNDA:0,openCreatureStatsWindow
FNDA:0,(anonymous_1)
FNDA:0,renderCreatureStatsWindow
FNDA:0,getCreatureSpeedData
FNDA:0,(anonymous_4)
FNDA:0,(anonymous_5)
FNDA:0,getCreatureScoresData
FNDA:0,getCreatureProficiencyData
FNDA:0,(anonymous_8)
FNDA:0,(anonymous_9)
FNDA:0,getCreatureVulResData
FNDA:0,(anonymous_11)
FNDA:0,(anonymous_12)
FNDA:0,(anonymous_13)
FNDA:0,(anonymous_14)
FNDA:0,getCreatureSensesData
FNDA:0,(anonymous_16)
FNDA:0,getCreatureSpecialAbilityData
FNDA:0,(anonymous_18)
FNDA:0,getCreatureActionsData
FNDA:0,(anonymous_20)
FNDA:0,(anonymous_21)
FNDA:0,(anonymous_22)
FNDA:0,getCreatureLegActionsData
FNDA:0,(anonymous_24)
FNDA:0,(anonymous_25)
FNDA:0,(anonymous_26)
FNDA:0,removeCreatureStatsWindow
FNDA:0,(anonymous_28)
FNDA:3,getActionDesc
FNDA:1,separateDmgRoll
FNDA:0,separateProf
DA:1,1
DA:6,0
DA:7,0
DA:8,0
DA:9,0
DA:10,0
DA:13,0
DA:15,0
DA:17,0
DA:20,1
DA:57,0
DA:58,0
DA:59,0
DA:61,0
DA:64,0
DA:65,0
DA:66,0
DA:67,0
DA:68,0
DA:69,0
DA:70,0
DA:71,0
DA:74,0
DA:81,0
DA:82,0
DA:83,0
DA:84,0
DA:85,0
DA:86,0
DA:89,0
DA:91,0
DA:92,0
DA:93,0
DA:94,0
DA:101,0
DA:102,0
DA:111,0
DA:112,0
DA:113,0
DA:126,0
DA:127,0
DA:128,0
DA:129,0
DA:131,0
DA:132,0
DA:133,0
DA:134,0
DA:136,0
DA:139,0
DA:140,0
DA:142,0
DA:144,0
DA:145,0
DA:146,0
DA:147,0
DA:148,0
DA:150,0
DA:151,0
DA:153,0
DA:158,0
DA:159,0
DA:160,0
DA:161,0
DA:163,0
DA:164,0
DA:166,0
DA:167,0
DA:171,0
DA:172,0
DA:173,0
DA:174,0
DA:176,0
DA:177,0
DA:179,0
DA:180,0
DA:184,0
DA:185,0
DA:186,0
DA:187,0
DA:189,0
DA:190,0
DA:192,0
DA:193,0
DA:197,0
DA:198,0
DA:199,0
DA:200,0
DA:202,0
DA:203,0
DA:205,0
DA:206,0
DA:211,0
DA:212,0
DA:213,0
DA:214,0
DA:216,0
DA:217,0
DA:218,0
DA:220,0
DA:223,0
DA:224,0
DA:228,0
DA:229,0
DA:238,0
DA:239,0
DA:240,0
DA:247,0
DA:250,0
DA:251,0
DA:252,0
DA:253,0
DA:255,0
DA:256,0
DA:258,0
DA:263,0
DA:264,0
DA:265,0
DA:272,0
DA:275,0
DA:276,0
DA:277,0
DA:278,0
DA:280,0
DA:281,0
DA:282,0
DA:285,0
DA:292,0
DA:293,0
DA:294,0
DA:295,0
DA:296,0
DA:303,3
DA:304,3
DA:305,3
DA:308,3
DA:309,2
DA:310,2
DA:313,3
DA:314,2
DA:318,3
DA:319,2
DA:320,2
DA:322,3
DA:327,1
DA:328,1
DA:333,0
DA:334,0
DA:336,0
DA:337,0
DA:338,0
DA:339,0
DA:340,0
DA:341,0
DA:343,0
DA:347,1
LF:155
LH:17
BRDA:7,0,0,0
BRDA:7,0,1,0
BRDA:8,1,0,0
BRDA:8,1,1,0
BRDA:25,2,0,0
BRDA:25,2,1,0
BRDA:25,3,0,0
BRDA:25,3,1,0
BRDA:25,4,0,0
BRDA:25,4,1,0
BRDA:29,5,0,0
BRDA:29,5,1,0
BRDA:38,6,0,0
BRDA:38,6,1,0
BRDA:41,7,0,0
BRDA:41,7,1,0
BRDA:41,8,0,0
BRDA:41,8,1,0
BRDA:45,9,0,0
BRDA:45,9,1,0
BRDA:49,10,0,0
BRDA:49,10,1,0
BRDA:84,11,0,0
BRDA:84,11,1,0
BRDA:89,12,0,0
BRDA:89,12,1,0
BRDA:116,13,0,0
BRDA:116,13,1,0
BRDA:133,14,0,0
BRDA:133,14,1,0
BRDA:142,15,0,0
BRDA:142,15,1,0
BRDA:153,16,0,0
BRDA:153,16,1,0
BRDA:158,17,0,0
BRDA:158,17,1,0
BRDA:171,18,0,0
BRDA:171,18,1,0
BRDA:184,19,0,0
BRDA:184,19,1,0
BRDA:197,20,0,0
BRDA:197,20,1,0
BRDA:211,21,0,0
BRDA:211,21,1,0
BRDA:217,22,0,0
BRDA:217,22,1,0
BRDA:217,23,0,0
BRDA:217,23,1,0
BRDA:243,24,0,0
BRDA:243,24,1,0
BRDA:268,25,0,0
BRDA:268,25,1,0
BRDA:281,26,0,0
BRDA:281,26,1,0
BRDA:293,27,0,0
BRDA:293,27,1,0
BRDA:336,28,0,0
BRDA:336,28,1,0
BRDA:339,29,0,0
BRDA:339,29,1,0
BRDA:347,30,0,1
BRDA:347,30,1,0
BRF:62
BRH:1
end_of_record
TN:
SF:src/scripts/utils.js
FN:5,(anonymous_0)
FN:8,findCell
FN:16,closeMenu
FN:41,changeRoute
FN:46,dragElement
FN:56,dragMouseDown
FN:67,elementDrag
FN:80,closeDragElement
FN:88,indexConverter
FN:92,disableHotkeys
FN:95,(anonymous_10)
FN:96,(anonymous_11)
FNF:12
FNH:1
FNDA:0,(anonymous_0)
FNDA:0,findCell
FNDA:0,closeMenu
FNDA:0,changeRoute
FNDA:0,dragElement
FNDA:0,dragMouseDown
FNDA:0,elementDrag
FNDA:0,closeDragElement
FNDA:1,indexConverter
FNDA:0,disableHotkeys
FNDA:0,(anonymous_10)
FNDA:0,(anonymous_11)
DA:1,1
DA:5,1
DA:9,0
DA:10,0
DA:11,0
DA:17,0
DA:19,0
DA:20,0
DA:23,0
DA:24,0
DA:26,0
DA:28,0
DA:29,0
DA:31,0
DA:32,0
DA:34,0
DA:36,0
DA:42,0
DA:43,0
DA:47,0
DA:48,0
DA:50,0
DA:53,0
DA:57,0
DA:58,0
DA:60,0
DA:61,0
DA:62,0
DA:64,0
DA:68,0
DA:69,0
DA:71,0
DA:72,0
DA:73,0
DA:74,0
DA:76,0
DA:77,0
DA:82,0
DA:83,0
DA:89,1
DA:94,0
DA:95,0
DA:96,0
DA:100,1
LF:44
LH:4
BRDA:10,0,0,0
BRDA:10,0,1,0
BRDA:10,1,0,0
BRDA:10,1,1,0
BRDA:17,2,0,0
BRDA:17,2,1,0
BRDA:26,3,0,0
BRDA:26,3,1,0
BRDA:26,3,2,0
BRDA:26,3,3,0
BRDA:48,4,0,0
BRDA:48,4,1,0
BRDA:57,5,0,0
BRDA:57,5,1,0
BRDA:68,6,0,0
BRDA:68,6,1,0
BRDA:100,7,0,1
BRDA:100,7,1,0
BRF:18
BRH:1
end_of_record
TN:
SF:src/scripts/routes/creatures.route.js
FN:3,getCreatures
FN:12,getCreatureByIndex
FN:26,modifyResponseStandardCreature
FN:68,separateStandardCreatureResponse
FN:79,getCreatureProficiencies
FN:82,(anonymous_5)
FN:89,getCreatureConditionImmunities
FN:92,(anonymous_7)
FN:99,getCreatureSenses
FN:109,getCreatureAbilities
FN:112,(anonymous_10)
FN:119,getCreatureActions
FN:122,(anonymous_12)
FN:130,getCreatureLegendaryActions
FN:133,(anonymous_14)
FN:141,standardCreatureDamage
FN:144,(anonymous_16)
FN:146,(anonymous_17)
FN:158,removeUnitFromString
FN:166,modifyResponseCreature
FN:210,separateCreatureResponse
FN:225,(anonymous_21)
FN:235,(anonymous_22)
FN:245,(anonymous_23)
FN:256,(anonymous_24)
FN:263,(anonymous_25)
FN:270,(anonymous_26)
FN:277,(anonymous_27)
FN:287,getInitialCreatureArrays
FN:317,removeExtraCustomData
FN:322,(anonymous_30)
FN:329,(anonymous_31)
FN:337,getCustomCreatures
FN:348,addCreature
FN:425,(anonymous_34)
FN:466,deleteCreature
FNF:36
FNH:8
FNDA:0,getCreatures
FNDA:0,getCreatureByIndex
FNDA:0,modifyResponseStandardCreature
FNDA:0,separateStandardCreatureResponse
FNDA:0,getCreatureProficiencies
FNDA:0,(anonymous_5)
FNDA:0,getCreatureConditionImmunities
FNDA:0,(anonymous_7)
FNDA:0,getCreatureSenses
FNDA:0,getCreatureAbilities
FNDA:0,(anonymous_10)
FNDA:2,getCreatureActions
FNDA:2,(anonymous_12)
FNDA:0,getCreatureLegendaryActions
FNDA:0,(anonymous_14)
FNDA:2,standardCreatureDamage
FNDA:2,(anonymous_16)
FNDA:2,(anonymous_17)
FNDA:0,removeUnitFromString
FNDA:0,modifyResponseCreature
FNDA:0,separateCreatureResponse
FNDA:0,(anonymous_21)
FNDA:0,(anonymous_22)
FNDA:0,(anonymous_23)
FNDA:0,(anonymous_24)
FNDA:0,(anonymous_25)
FNDA:0,(anonymous_26)
FNDA:0,(anonymous_27)
FNDA:0,getInitialCreatureArrays
FNDA:2,removeExtraCustomData
FNDA:2,(anonymous_30)
FNDA:2,(anonymous_31)
FNDA:0,getCustomCreatures
FNDA:0,addCreature
FNDA:0,(anonymous_34)
FNDA:0,deleteCreature
DA:4,0
DA:5,0
DA:6,0
DA:8,0
DA:13,0
DA:14,0
DA:15,0
DA:16,0
DA:18,0
DA:19,0
DA:22,0
DA:28,0
DA:29,0
DA:64,0
DA:65,0
DA:69,0
DA:70,0
DA:71,0
DA:72,0
DA:73,0
DA:74,0
DA:76,0
DA:80,0
DA:81,0
DA:82,0
DA:83,0
DA:86,0
DA:90,0
DA:91,0
DA:92,0
DA:93,0
DA:96,0
DA:100,0
DA:101,0
DA:102,0
DA:103,0
DA:104,0
DA:105,0
DA:106,0
DA:110,0
DA:111,0
DA:112,0
DA:113,0
DA:116,0
DA:120,2
DA:121,2
DA:122,2
DA:123,2
DA:127,2
DA:131,0
DA:132,0
DA:133,0
DA:134,0
DA:137,0
DA:142,2
DA:143,2
DA:144,2
DA:145,2
DA:146,1
DA:147,2
DA:150,1
DA:154,2
DA:159,0
DA:160,0
DA:161,0
DA:162,0
DA:168,0
DA:170,0
DA:205,0
DA:206,0
DA:211,0
DA:213,0
DA:214,0
DA:215,0
DA:216,0
DA:217,0
DA:218,0
DA:219,0
DA:220,0
DA:221,0
DA:224,0
DA:225,0
DA:226,0
DA:227,0
DA:228,0
DA:231,0
DA:234,0
DA:235,0
DA:236,0
DA:237,0
DA:238,0
DA:241,0
DA:244,0
DA:245,0
DA:246,0
DA:247,0
DA:248,0
DA:251,0
DA:254,0
DA:255,0
DA:256,0
DA:257,0
DA:259,0
DA:261,0
DA:262,0
DA:263,0
DA:264,0
DA:266,0
DA:268,0
DA:269,0
DA:270,0
DA:271,0
DA:273,0
DA:275,0
DA:276,0
DA:277,0
DA:278,0
DA:280,0
DA:283,0
DA:288,0
DA:289,0
DA:290,0
DA:291,0
DA:292,0
DA:293,0
DA:294,0
DA:295,0
DA:296,0
DA:298,0
DA:299,0
DA:300,0
DA:301,0
DA:302,0
DA:303,0
DA:304,0
DA:305,0
DA:307,0
DA:308,0
DA:309,0
DA:310,0
DA:313,0
DA:318,2
DA:319,2
DA:321,1
DA:322,3
DA:323,2
DA:328,1
DA:329,3
DA:330,1
DA:334,2
DA:338,0
DA:339,0
DA:340,0
DA:342,0
DA:349,0
DA:350,0
DA:353,0
DA:355,0
DA:356,0
DA:359,0
DA:360,0
DA:362,0
DA:364,0
DA:365,0
DA:366,0
DA:367,0
DA:368,0
DA:369,0
DA:371,0
DA:373,0
DA:374,0
DA:375,0
DA:377,0
DA:379,0
DA:380,0
DA:382,0
DA:384,0
DA:385,0
DA:387,0
DA:390,0
DA:426,0
DA:427,0
DA:428,0
DA:429,0
DA:430,0
DA:431,0
DA:432,0
DA:433,0
DA:434,0
DA:435,0
DA:436,0
DA:437,0
DA:438,0
DA:439,0
DA:440,0
DA:441,0
DA:442,0
DA:443,0
DA:444,0
DA:445,0
DA:453,0
DA:454,0
DA:455,0
DA:456,0
DA:457,0
DA:458,0
DA:459,0
DA:460,0
DA:467,0
DA:468,0
DA:469,0
DA:470,0
DA:471,0
DA:474,0
DA:479,1
LF:215
LH:23
BRDA:14,0,0,0
BRDA:14,0,1,0
BRDA:81,1,0,0
BRDA:81,1,1,0
BRDA:91,2,0,0
BRDA:91,2,1,0
BRDA:101,3,0,0
BRDA:101,3,1,0
BRDA:102,4,0,0
BRDA:102,4,1,0
BRDA:103,5,0,0
BRDA:103,5,1,0
BRDA:104,6,0,0
BRDA:104,6,1,0
BRDA:105,7,0,0
BRDA:105,7,1,0
BRDA:111,8,0,0
BRDA:111,8,1,0
BRDA:121,9,0,2
BRDA:121,9,1,0
BRDA:132,10,0,0
BRDA:132,10,1,0
BRDA:143,11,0,2
BRDA:143,11,1,0
BRDA:145,12,0,1
BRDA:145,12,1,1
BRDA:160,13,0,0
BRDA:160,13,1,0
BRDA:226,14,0,0
BRDA:226,14,1,0
BRDA:226,15,0,0
BRDA:226,15,1,0
BRDA:236,16,0,0
BRDA:236,16,1,0
BRDA:236,17,0,0
BRDA:236,17,1,0
BRDA:246,18,0,0
BRDA:246,18,1,0
BRDA:246,19,0,0
BRDA:246,19,1,0
BRDA:254,20,0,0
BRDA:254,20,1,0
BRDA:257,21,0,0
BRDA:257,21,1,0
BRDA:257,22,0,0
BRDA:257,22,1,0
BRDA:259,23,0,0
BRDA:259,23,1,0
BRDA:261,24,0,0
BRDA:261,24,1,0
BRDA:264,25,0,0
BRDA:264,25,1,0
BRDA:266,26,0,0
BRDA:266,26,1,0
BRDA:268,27,0,0
BRDA:268,27,1,0
BRDA:271,28,0,0
BRDA:271,28,1,0
BRDA:273,29,0,0
BRDA:273,29,1,0
BRDA:275,30,0,0
BRDA:275,30,1,0
BRDA:278,31,0,0
BRDA:278,31,1,0
BRDA:278,32,0,0
BRDA:278,32,1,0
BRDA:280,33,0,0
BRDA:280,33,1,0
BRDA:307,34,0,0
BRDA:307,34,1,0
BRDA:309,35,0,0
BRDA:309,35,1,0
BRDA:319,36,0,1
BRDA:319,36,1,1
BRDA:322,37,0,2
BRDA:322,37,1,1
BRDA:329,38,0,1
BRDA:329,38,1,2
BRDA:362,39,0,0
BRDA:362,39,1,0
BRDA:371,40,0,0
BRDA:371,40,1,0
BRDA:377,41,0,0
BRDA:377,41,1,0
BRDA:382,42,0,0
BRDA:382,42,1,0
BRDA:387,43,0,0
BRDA:387,43,1,0
BRDA:469,44,0,0
BRDA:469,44,1,0
BRDA:479,45,0,1
BRDA:479,45,1,0
BRF:92
BRH:11
end_of_record
