TN:
SF:src/scripts/creature-stats.js
FN:3,openCreatureStatsWindow
FN:20,renderCreatureStatsWindow
FN:78,getCreatureSpeedData
FN:80,(anonymous_3)
FN:88,(anonymous_4)
FN:95,getCreatureScoresData
FN:120,getCreatureProficiencyData
FN:126,(anonymous_7)
FN:142,(anonymous_8)
FN:151,getCreatureVulResData
FN:158,(anonymous_10)
FN:171,(anonymous_11)
FN:184,(anonymous_12)
FN:197,(anonymous_13)
FN:205,getCreatureSensesData
FN:210,(anonymous_15)
FN:221,getCreatureSpecialAbilityData
FN:222,(anonymous_17)
FN:231,getCreatureActionsData
FN:233,(anonymous_19)
FN:245,(anonymous_20)
FN:249,(anonymous_21)
FN:256,getCreatureLegActionsData
FN:258,(anonymous_23)
FN:270,(anonymous_24)
FN:274,(anonymous_25)
FN:285,removeCreatureStatsWindow
FN:286,(anonymous_27)
FN:296,getActionDesc
FN:320,separateDmgRoll
FN:326,separateProf
FNF:31
FNH:2
FNDA:0,openCreatureStatsWindow
FNDA:0,renderCreatureStatsWindow
FNDA:0,getCreatureSpeedData
FNDA:0,(anonymous_3)
FNDA:0,(anonymous_4)
FNDA:0,getCreatureScoresData
FNDA:0,getCreatureProficiencyData
FNDA:0,(anonymous_7)
FNDA:0,(anonymous_8)
FNDA:0,getCreatureVulResData
FNDA:0,(anonymous_10)
FNDA:0,(anonymous_11)
FNDA:0,(anonymous_12)
FNDA:0,(anonymous_13)
FNDA:0,getCreatureSensesData
FNDA:0,(anonymous_15)
FNDA:0,getCreatureSpecialAbilityData
FNDA:0,(anonymous_17)
FNDA:0,getCreatureActionsData
FNDA:0,(anonymous_19)
FNDA:0,(anonymous_20)
FNDA:0,(anonymous_21)
FNDA:0,getCreatureLegActionsData
FNDA:0,(anonymous_23)
FNDA:0,(anonymous_24)
FNDA:0,(anonymous_25)
FNDA:0,removeCreatureStatsWindow
FNDA:0,(anonymous_27)
FNDA:3,getActionDesc
FNDA:1,separateDmgRoll
FNDA:0,separateProf
DA:1,1
DA:6,0
DA:7,0
DA:8,0
DA:9,0
DA:10,0
DA:13,0
DA:15,0
DA:17,0
DA:21,0
DA:22,0
DA:23,0
DA:25,0
DA:62,0
DA:63,0
DA:64,0
DA:65,0
DA:66,0
DA:67,0
DA:68,0
DA:69,0
DA:72,0
DA:79,0
DA:80,0
DA:81,0
DA:82,0
DA:86,0
DA:87,0
DA:88,0
DA:89,0
DA:96,0
DA:97,0
DA:106,0
DA:107,0
DA:108,0
DA:121,0
DA:122,0
DA:123,0
DA:124,0
DA:126,0
DA:127,0
DA:128,0
DA:129,0
DA:131,0
DA:134,0
DA:135,0
DA:137,0
DA:139,0
DA:140,0
DA:141,0
DA:142,0
DA:143,0
DA:145,0
DA:146,0
DA:148,0
DA:153,0
DA:154,0
DA:155,0
DA:156,0
DA:158,0
DA:159,0
DA:161,0
DA:162,0
DA:166,0
DA:167,0
DA:168,0
DA:169,0
DA:171,0
DA:172,0
DA:174,0
DA:175,0
DA:179,0
DA:180,0
DA:181,0
DA:182,0
DA:184,0
DA:185,0
DA:187,0
DA:188,0
DA:192,0
DA:193,0
DA:194,0
DA:195,0
DA:197,0
DA:198,0
DA:200,0
DA:201,0
DA:206,0
DA:207,0
DA:208,0
DA:210,0
DA:211,0
DA:212,0
DA:214,0
DA:217,0
DA:218,0
DA:222,0
DA:223,0
DA:232,0
DA:233,0
DA:234,0
DA:241,0
DA:244,0
DA:245,0
DA:246,0
DA:247,0
DA:249,0
DA:250,0
DA:252,0
DA:257,0
DA:258,0
DA:259,0
DA:266,0
DA:269,0
DA:270,0
DA:271,0
DA:272,0
DA:274,0
DA:275,0
DA:276,0
DA:279,0
DA:286,0
DA:287,0
DA:288,0
DA:289,0
DA:290,0
DA:297,3
DA:298,3
DA:299,3
DA:302,3
DA:303,2
DA:304,2
DA:307,3
DA:308,2
DA:312,3
DA:313,2
DA:314,2
DA:316,3
DA:321,1
DA:322,1
DA:327,0
DA:328,0
DA:330,0
DA:331,0
DA:332,0
DA:334,0
DA:335,0
DA:340,1
LF:148
LH:16
BRDA:7,0,0,0
BRDA:7,0,1,0
BRDA:8,1,0,0
BRDA:8,1,1,0
BRDA:30,2,0,0
BRDA:30,2,1,0
BRDA:30,3,0,0
BRDA:30,3,1,0
BRDA:30,4,0,0
BRDA:30,4,1,0
BRDA:34,5,0,0
BRDA:34,5,1,0
BRDA:43,6,0,0
BRDA:43,6,1,0
BRDA:46,7,0,0
BRDA:46,7,1,0
BRDA:46,8,0,0
BRDA:46,8,1,0
BRDA:50,9,0,0
BRDA:50,9,1,0
BRDA:54,10,0,0
BRDA:54,10,1,0
BRDA:81,11,0,0
BRDA:81,11,1,0
BRDA:111,12,0,0
BRDA:111,12,1,0
BRDA:128,13,0,0
BRDA:128,13,1,0
BRDA:137,14,0,0
BRDA:137,14,1,0
BRDA:148,15,0,0
BRDA:148,15,1,0
BRDA:153,16,0,0
BRDA:153,16,1,0
BRDA:166,17,0,0
BRDA:166,17,1,0
BRDA:179,18,0,0
BRDA:179,18,1,0
BRDA:192,19,0,0
BRDA:192,19,1,0
BRDA:211,20,0,0
BRDA:211,20,1,0
BRDA:211,21,0,0
BRDA:211,21,1,0
BRDA:237,22,0,0
BRDA:237,22,1,0
BRDA:262,23,0,0
BRDA:262,23,1,0
BRDA:275,24,0,0
BRDA:275,24,1,0
BRDA:287,25,0,0
BRDA:287,25,1,0
BRDA:330,26,0,0
BRDA:330,26,1,0
BRDA:340,27,0,1
BRDA:340,27,1,0
BRF:56
BRH:1
end_of_record
TN:
SF:src/scripts/utils.js
FN:5,(anonymous_0)
FN:8,findCell
FN:16,closeMenu
FN:41,changeRoute
FN:46,dragElement
FN:56,dragMouseDown
FN:67,elementDrag
FN:80,closeDragElement
FN:87,closeAllWindows
FN:97,indexConverter
FN:101,disableHotkeys
FN:104,(anonymous_11)
FN:105,(anonymous_12)
FNF:13
FNH:1
FNDA:0,(anonymous_0)
FNDA:0,findCell
FNDA:0,closeMenu
FNDA:0,changeRoute
FNDA:0,dragElement
FNDA:0,dragMouseDown
FNDA:0,elementDrag
FNDA:0,closeDragElement
FNDA:0,closeAllWindows
FNDA:1,indexConverter
FNDA:0,disableHotkeys
FNDA:0,(anonymous_11)
FNDA:0,(anonymous_12)
DA:1,1
DA:5,1
DA:9,0
DA:10,0
DA:11,0
DA:17,0
DA:19,0
DA:20,0
DA:23,0
DA:24,0
DA:26,0
DA:28,0
DA:29,0
DA:31,0
DA:32,0
DA:34,0
DA:36,0
DA:42,0
DA:43,0
DA:47,0
DA:48,0
DA:50,0
DA:53,0
DA:57,0
DA:58,0
DA:60,0
DA:61,0
DA:62,0
DA:64,0
DA:68,0
DA:69,0
DA:71,0
DA:72,0
DA:73,0
DA:74,0
DA:76,0
DA:77,0
DA:82,0
DA:83,0
DA:88,0
DA:89,0
DA:90,0
DA:92,0
DA:93,0
DA:98,1
DA:103,0
DA:104,0
DA:105,0
DA:109,1
LF:49
LH:4
BRDA:10,0,0,0
BRDA:10,0,1,0
BRDA:10,1,0,0
BRDA:10,1,1,0
BRDA:17,2,0,0
BRDA:17,2,1,0
BRDA:26,3,0,0
BRDA:26,3,1,0
BRDA:26,3,2,0
BRDA:26,3,3,0
BRDA:48,4,0,0
BRDA:48,4,1,0
BRDA:57,5,0,0
BRDA:57,5,1,0
BRDA:68,6,0,0
BRDA:68,6,1,0
BRDA:88,7,0,0
BRDA:88,7,1,0
BRDA:92,8,0,0
BRDA:92,8,1,0
BRDA:93,9,0,0
BRDA:93,9,1,0
BRDA:109,10,0,1
BRDA:109,10,1,0
BRF:24
BRH:1
end_of_record
TN:
SF:src/scripts/routes/creatures.route.js
FN:3,getCreatures
FN:12,getCreatureByIndex
FN:26,modifyResponseStandardCreature
FN:68,separateStandardCreatureResponse
FN:79,getCreatureProficiencies
FN:82,(anonymous_5)
FN:89,getCreatureConditionImmunities
FN:92,(anonymous_7)
FN:99,getCreatureSenses
FN:109,getCreatureAbilities
FN:112,(anonymous_10)
FN:119,getCreatureActions
FN:122,(anonymous_12)
FN:130,getCreatureLegendaryActions
FN:133,(anonymous_14)
FN:141,standardCreatureDamage
FN:144,(anonymous_16)
FN:152,removeUnitFromString
FN:160,modifyResponseCreature
FN:204,separateCreatureResponse
FN:243,(anonymous_20)
FN:251,(anonymous_21)
FN:259,(anonymous_22)
FN:269,removeExtraCustomData
FN:274,(anonymous_24)
FN:281,(anonymous_25)
FN:289,getCustomCreatures
FN:300,addCreature
FN:340,(anonymous_28)
FNF:29
FNH:7
FNDA:0,getCreatures
FNDA:0,getCreatureByIndex
FNDA:0,modifyResponseStandardCreature
FNDA:0,separateStandardCreatureResponse
FNDA:0,getCreatureProficiencies
FNDA:0,(anonymous_5)
FNDA:0,getCreatureConditionImmunities
FNDA:0,(anonymous_7)
FNDA:0,getCreatureSenses
FNDA:0,getCreatureAbilities
FNDA:0,(anonymous_10)
FNDA:1,getCreatureActions
FNDA:1,(anonymous_12)
FNDA:0,getCreatureLegendaryActions
FNDA:0,(anonymous_14)
FNDA:1,standardCreatureDamage
FNDA:1,(anonymous_16)
FNDA:0,removeUnitFromString
FNDA:0,modifyResponseCreature
FNDA:0,separateCreatureResponse
FNDA:0,(anonymous_20)
FNDA:0,(anonymous_21)
FNDA:0,(anonymous_22)
FNDA:2,removeExtraCustomData
FNDA:2,(anonymous_24)
FNDA:2,(anonymous_25)
FNDA:0,getCustomCreatures
FNDA:0,addCreature
FNDA:0,(anonymous_28)
DA:4,0
DA:5,0
DA:6,0
DA:8,0
DA:13,0
DA:14,0
DA:15,0
DA:16,0
DA:18,0
DA:19,0
DA:22,0
DA:28,0
DA:29,0
DA:64,0
DA:65,0
DA:69,0
DA:70,0
DA:71,0
DA:72,0
DA:73,0
DA:74,0
DA:76,0
DA:80,0
DA:81,0
DA:82,0
DA:83,0
DA:86,0
DA:90,0
DA:91,0
DA:92,0
DA:93,0
DA:96,0
DA:100,0
DA:101,0
DA:102,0
DA:103,0
DA:104,0
DA:105,0
DA:106,0
DA:110,0
DA:111,0
DA:112,0
DA:113,0
DA:116,0
DA:120,1
DA:121,1
DA:122,1
DA:123,1
DA:127,1
DA:131,0
DA:132,0
DA:133,0
DA:134,0
DA:137,0
DA:142,1
DA:143,1
DA:144,1
DA:145,1
DA:148,1
DA:153,0
DA:154,0
DA:155,0
DA:156,0
DA:162,0
DA:164,0
DA:199,0
DA:200,0
DA:205,0
DA:206,0
DA:207,0
DA:208,0
DA:209,0
DA:210,0
DA:211,0
DA:212,0
DA:213,0
DA:215,0
DA:216,0
DA:217,0
DA:218,0
DA:219,0
DA:220,0
DA:221,0
DA:222,0
DA:224,0
DA:225,0
DA:226,0
DA:227,0
DA:231,0
DA:232,0
DA:233,0
DA:234,0
DA:235,0
DA:236,0
DA:237,0
DA:238,0
DA:239,0
DA:242,0
DA:243,0
DA:244,0
DA:245,0
DA:247,0
DA:250,0
DA:251,0
DA:252,0
DA:253,0
DA:255,0
DA:258,0
DA:259,0
DA:260,0
DA:261,0
DA:263,0
DA:265,0
DA:270,2
DA:271,2
DA:273,1
DA:274,3
DA:275,2
DA:280,1
DA:281,3
DA:282,1
DA:286,2
DA:290,0
DA:291,0
DA:292,0
DA:294,0
DA:301,0
DA:302,0
DA:303,0
DA:305,0
DA:341,0
DA:342,0
DA:343,0
DA:344,0
DA:345,0
DA:346,0
DA:347,0
DA:348,0
DA:349,0
DA:350,0
DA:351,0
DA:352,0
DA:353,0
DA:354,0
DA:355,0
DA:356,0
DA:357,0
DA:358,0
DA:359,0
DA:360,0
DA:368,0
DA:369,0
DA:370,0
DA:371,0
DA:372,0
DA:373,0
DA:374,0
DA:375,0
DA:379,1
LF:159
LH:20
BRDA:14,0,0,0
BRDA:14,0,1,0
BRDA:81,1,0,0
BRDA:81,1,1,0
BRDA:91,2,0,0
BRDA:91,2,1,0
BRDA:101,3,0,0
BRDA:101,3,1,0
BRDA:102,4,0,0
BRDA:102,4,1,0
BRDA:103,5,0,0
BRDA:103,5,1,0
BRDA:104,6,0,0
BRDA:104,6,1,0
BRDA:105,7,0,0
BRDA:105,7,1,0
BRDA:111,8,0,0
BRDA:111,8,1,0
BRDA:121,9,0,1
BRDA:121,9,1,0
BRDA:132,10,0,0
BRDA:132,10,1,0
BRDA:143,11,0,1
BRDA:143,11,1,0
BRDA:154,12,0,0
BRDA:154,12,1,0
BRDA:224,13,0,0
BRDA:224,13,1,0
BRDA:226,14,0,0
BRDA:226,14,1,0
BRDA:271,15,0,1
BRDA:271,15,1,1
BRDA:274,16,0,2
BRDA:274,16,1,1
BRDA:281,17,0,1
BRDA:281,17,1,2
BRDA:379,18,0,1
BRDA:379,18,1,0
BRF:38
BRH:9
end_of_record
